2013-12-27 13:48:30 9524 4 状态: 已从服务器断开
2013-12-27 13:48:30 9524 4 状态: 正在下载 /updatecheck.php?platform=i586-pc-mingw32msvc&version=3.7.3&osversion=5.1&osarch=32
2013-12-27 13:48:30 9524 4 状态: 正在解析 update.filezilla-project.org 的地址
2013-12-27 13:48:30 9524 4 状态: 正在连接 5.9.7.200:443...
2013-12-27 13:48:51 9524 4 状态: 尝试连接“ETIMEDOUT - Connection attempt timed out”失败，正在尝试下一个地址。
2013-12-27 13:48:51 9524 4 状态: 正在连接 62.75.138.232:443...
2013-12-27 13:49:12 9524 4 状态: 尝试连接“ETIMEDOUT - Connection attempt timed out”失败。
2013-12-27 13:49:12 9524 4 错误: 已从服务器断开: ETIMEDOUT - Connection attempt timed out
2013-12-27 13:49:12 9524 4 错误: 已从服务器断开
2013-12-27 13:49:12 9524 4 错误: 文件传输失败
2014-04-08 17:01:58 2348 4 状态: 已从服务器断开
2014-04-08 17:01:58 2348 4 状态: 正在下载 /updatecheck.php?platform=i586-pc-mingw32msvc&version=3.7.3&osversion=5.1&osarch=32
2014-04-08 17:01:58 2348 4 状态: 正在解析 update.filezilla-project.org 的地址
2014-04-08 17:01:58 2348 4 状态: 正在连接 62.75.138.232:443...
2014-04-08 17:02:19 2348 4 状态: 尝试连接“ETIMEDOUT - Connection attempt timed out”失败，正在尝试下一个地址。
2014-04-08 17:02:19 2348 4 状态: 正在连接 5.9.7.200:443...
2014-04-08 17:02:40 2348 4 状态: 尝试连接“ETIMEDOUT - Connection attempt timed out”失败。
2014-04-08 17:02:40 2348 4 错误: 已从服务器断开: ETIMEDOUT - Connection attempt timed out
2014-04-08 17:02:40 2348 4 错误: 已从服务器断开
2014-04-08 17:02:40 2348 4 错误: 文件传输失败
2014-04-08 17:03:16 2348 3 状态: 正在连接 192.168.1.48:21...
2014-04-08 17:03:16 2348 3 状态: 连接建立，等待欢迎消息...
2014-04-08 17:03:16 2348 3 响应: 220 Welcome to 51job FTP service.
2014-04-08 17:03:16 2348 3 命令: USER webmaster
2014-04-08 17:03:16 2348 3 响应: 331 Please specify the password.
2014-04-08 17:03:16 2348 3 命令: PASS ************
2014-04-08 17:03:16 2348 3 响应: 230 Login successful.
2014-04-08 17:03:16 2348 3 命令: SYST
2014-04-08 17:03:16 2348 3 响应: 215 UNIX Type: L8
2014-04-08 17:03:16 2348 3 命令: FEAT
2014-04-08 17:03:16 2348 3 响应: 211-Features:
2014-04-08 17:03:16 2348 3 响应:  EPRT
2014-04-08 17:03:16 2348 3 响应:  EPSV
2014-04-08 17:03:16 2348 3 响应:  MDTM
2014-04-08 17:03:16 2348 3 响应:  PASV
2014-04-08 17:03:16 2348 3 响应:  REST STREAM
2014-04-08 17:03:16 2348 3 响应:  SIZE
2014-04-08 17:03:16 2348 3 响应:  TVFS
2014-04-08 17:03:16 2348 3 响应:  UTF8
2014-04-08 17:03:16 2348 3 响应: 211 End
2014-04-08 17:03:16 2348 3 命令: OPTS UTF8 ON
2014-04-08 17:03:16 2348 3 响应: 550 Permission denied.
2014-04-08 17:03:16 2348 3 状态: 已连接
2014-04-08 17:03:16 2348 3 状态: 读取目录列表...
2014-04-08 17:03:16 2348 3 命令: CWD /internal/companyads/2014
2014-04-08 17:03:16 2348 3 响应: 250 Directory successfully changed.
2014-04-08 17:03:16 2348 3 命令: PWD
2014-04-08 17:03:16 2348 3 响应: 257 "/internal/companyads/2014"
2014-04-08 17:03:17 2348 3 命令: TYPE I
2014-04-08 17:03:17 2348 3 响应: 200 Switching to Binary mode.
2014-04-08 17:03:17 2348 3 命令: PASV
2014-04-08 17:03:17 2348 3 响应: 227 Entering Passive Mode (192,168,1,48,120,199).
2014-04-08 17:03:17 2348 3 命令: LIST
2014-04-08 17:03:17 2348 3 响应: 150 Here comes the directory listing.
2014-04-08 17:03:17 2348 3 响应: 226 Directory send OK.
2014-04-08 17:03:17 2348 3 状态: 计算服务器时差...
2014-04-08 17:03:17 2348 3 命令: MDTM button.ini
2014-04-08 17:03:17 2348 3 响应: 213 20140403153153
2014-04-08 17:03:17 2348 3 状态: 时差: 服务器为 0 秒。 本地: 28800 秒。 相差: 28800 秒。
2014-04-08 17:03:17 2348 3 状态: 列出目录成功
2014-04-08 17:03:41 2348 3 状态: 读取目录列表...
2014-04-08 17:03:41 2348 3 命令: CWD /internal/companyads/2014/sh/jianxin0408_7097
2014-04-08 17:03:41 2348 3 响应: 250 Directory successfully changed.
2014-04-08 17:03:41 2348 3 命令: PWD
2014-04-08 17:03:41 2348 3 响应: 257 "/internal/companyads/2014/sh/jianxin0408_7097"
2014-04-08 17:03:41 2348 3 命令: PASV
2014-04-08 17:03:41 2348 3 响应: 227 Entering Passive Mode (192,168,1,48,101,227).
2014-04-08 17:03:41 2348 3 命令: LIST
2014-04-08 17:03:41 2348 3 响应: 150 Here comes the directory listing.
2014-04-08 17:03:41 2348 3 响应: 226 Directory send OK.
2014-04-08 17:03:41 2348 3 状态: 列出目录成功
2014-04-08 17:03:44 2348 1 状态: 正在连接 192.168.1.48:21...
2014-04-08 17:03:44 2348 2 状态: 正在连接 192.168.1.48:21...
2014-04-08 17:03:44 2348 1 状态: 连接建立，等待欢迎消息...
2014-04-08 17:03:44 2348 2 状态: 连接建立，等待欢迎消息...
2014-04-08 17:03:44 2348 2 响应: 220 Welcome to 51job FTP service.
2014-04-08 17:03:44 2348 2 命令: USER webmaster
2014-04-08 17:03:44 2348 1 响应: 220 Welcome to 51job FTP service.
2014-04-08 17:03:44 2348 1 命令: USER webmaster
2014-04-08 17:03:44 2348 2 响应: 331 Please specify the password.
2014-04-08 17:03:44 2348 2 命令: PASS ************
2014-04-08 17:03:44 2348 1 响应: 331 Please specify the password.
2014-04-08 17:03:44 2348 1 命令: PASS ************
2014-04-08 17:03:44 2348 2 响应: 230 Login successful.
2014-04-08 17:03:44 2348 2 命令: OPTS UTF8 ON
2014-04-08 17:03:44 2348 1 响应: 230 Login successful.
2014-04-08 17:03:44 2348 1 命令: OPTS UTF8 ON
2014-04-08 17:03:44 2348 1 响应: 550 Permission denied.
2014-04-08 17:03:44 2348 1 状态: 已连接
2014-04-08 17:03:44 2348 2 响应: 550 Permission denied.
2014-04-08 17:03:44 2348 2 状态: 已连接
2014-04-08 17:03:44 2348 1 状态: 开始上传 U:\companyads\2014\sh\jianxin0408_7097\button.ini
2014-04-08 17:03:44 2348 1 命令: CWD /internal/companyads/2014/sh/jianxin0408_7097
2014-04-08 17:03:44 2348 2 状态: 开始上传 U:\companyads\2014\sh\jianxin0408_7097\index.htm
2014-04-08 17:03:44 2348 1 响应: 250 Directory successfully changed.
2014-04-08 17:03:44 2348 1 命令: TYPE I
2014-04-08 17:03:44 2348 2 命令: CWD /internal/companyads/2014/sh/jianxin0408_7097
2014-04-08 17:03:44 2348 1 响应: 200 Switching to Binary mode.
2014-04-08 17:03:44 2348 1 命令: PASV
2014-04-08 17:03:44 2348 1 响应: 227 Entering Passive Mode (192,168,1,48,28,209).
2014-04-08 17:03:44 2348 1 命令: STOR button.ini
2014-04-08 17:03:44 2348 2 响应: 250 Directory successfully changed.
2014-04-08 17:03:44 2348 2 命令: TYPE A
2014-04-08 17:03:44 2348 2 响应: 200 Switching to ASCII mode.
2014-04-08 17:03:44 2348 2 命令: PASV
2014-04-08 17:03:44 2348 1 响应: 150 Ok to send data.
2014-04-08 17:03:44 2348 1 响应: 226 Transfer complete.
2014-04-08 17:03:44 2348 1 状态: 文件传输成功，传输了 18 字节 (用时1 秒)
2014-04-08 17:03:44 2348 1 状态: 开始上传 U:\companyads\2014\sh\jianxin0408_7097\job.htm
2014-04-08 17:03:44 2348 1 命令: TYPE A
2014-04-08 17:03:44 2348 2 响应: 227 Entering Passive Mode (192,168,1,48,121,155).
2014-04-08 17:03:44 2348 2 命令: STOR index.htm
2014-04-08 17:03:44 2348 1 响应: 200 Switching to ASCII mode.
2014-04-08 17:03:44 2348 1 命令: PASV
2014-04-08 17:03:44 2348 2 响应: 150 Ok to send data.
2014-04-08 17:03:44 2348 1 响应: 227 Entering Passive Mode (192,168,1,48,195,141).
2014-04-08 17:03:44 2348 1 命令: STOR job.htm
2014-04-08 17:03:44 2348 2 响应: 226 Transfer complete.
2014-04-08 17:03:44 2348 2 状态: 文件传输成功，传输了 4,141 字节 (用时1 秒)
2014-04-08 17:03:44 2348 2 状态: 开始上传 U:\companyads\2014\sh\jianxin0408_7097\styles.css
2014-04-08 17:03:44 2348 2 命令: PASV
2014-04-08 17:03:44 2348 1 响应: 150 Ok to send data.
2014-04-08 17:03:44 2348 2 响应: 227 Entering Passive Mode (192,168,1,48,70,20).
2014-04-08 17:03:44 2348 2 命令: STOR styles.css
2014-04-08 17:03:44 2348 1 响应: 226 Transfer complete.
2014-04-08 17:03:44 2348 1 状态: 文件传输成功，传输了 3,516 字节 (用时1 秒)
2014-04-08 17:03:44 2348 1 状态: 开始上传 U:\companyads\2014\sh\jianxin0408_7097\div_ver\button.ini
2014-04-08 17:03:44 2348 1 命令: CWD /internal/companyads/2014/sh/jianxin0408_7097/div_ver
2014-04-08 17:03:44 2348 2 响应: 150 Ok to send data.
2014-04-08 17:03:44 2348 1 响应: 250 Directory successfully changed.
2014-04-08 17:03:44 2348 1 命令: PWD
2014-04-08 17:03:44 2348 2 响应: 226 Transfer complete.
2014-04-08 17:03:44 2348 2 状态: 文件传输成功，传输了 705 字节 (用时1 秒)
2014-04-08 17:03:44 2348 2 状态: 开始上传 U:\companyads\2014\sh\jianxin0408_7097\div_ver\index.htm
2014-04-08 17:03:44 2348 1 响应: 257 "/internal/companyads/2014/sh/jianxin0408_7097/div_ver"
2014-04-08 17:03:44 2348 1 状态: 读取目录列表...
2014-04-08 17:03:44 2348 1 命令: TYPE I
2014-04-08 17:03:44 2348 2 命令: CWD /internal/companyads/2014/sh/jianxin0408_7097/div_ver
2014-04-08 17:03:44 2348 1 响应: 200 Switching to Binary mode.
2014-04-08 17:03:44 2348 1 命令: PASV
2014-04-08 17:03:44 2348 2 响应: 250 Directory successfully changed.
2014-04-08 17:03:44 2348 2 命令: PWD
2014-04-08 17:03:44 2348 1 响应: 227 Entering Passive Mode (192,168,1,48,198,160).
2014-04-08 17:03:44 2348 1 命令: LIST
2014-04-08 17:03:44 2348 2 响应: 257 "/internal/companyads/2014/sh/jianxin0408_7097/div_ver"
2014-04-08 17:03:44 2348 2 状态: 读取目录列表...
2014-04-08 17:03:44 2348 1 响应: 150 Here comes the directory listing.
2014-04-08 17:03:44 2348 1 响应: 226 Directory send OK.
2014-04-08 17:03:48 2348 1 命令: PASV
2014-04-08 17:03:48 2348 1 响应: 227 Entering Passive Mode (192,168,1,48,84,175).
2014-04-08 17:03:48 2348 1 命令: STOR button.ini
2014-04-08 17:03:48 2348 1 响应: 150 Ok to send data.
2014-04-08 17:03:48 2348 1 响应: 226 Transfer complete.
2014-04-08 17:03:48 2348 1 状态: 文件传输成功，传输了 9 字节 (用时1 秒)
2014-04-08 17:03:48 2348 1 状态: 开始上传 U:\companyads\2014\sh\jianxin0408_7097\div_ver\styles.css
2014-04-08 17:03:56 2348 2 命令: PASV
2014-04-08 17:03:56 2348 1 命令: TYPE A
2014-04-08 17:03:56 2348 2 响应: 227 Entering Passive Mode (192,168,1,48,20,165).
2014-04-08 17:03:56 2348 2 命令: STOR index.htm
2014-04-08 17:03:56 2348 1 响应: 200 Switching to ASCII mode.
2014-04-08 17:03:56 2348 1 命令: PASV
2014-04-08 17:03:56 2348 1 响应: 227 Entering Passive Mode (192,168,1,48,219,151).
2014-04-08 17:03:56 2348 1 命令: STOR styles.css
2014-04-08 17:03:56 2348 2 响应: 150 Ok to send data.
2014-04-08 17:03:56 2348 1 响应: 150 Ok to send data.
2014-04-08 17:03:56 2348 2 响应: 226 Transfer complete.
2014-04-08 17:03:56 2348 2 状态: 文件传输成功，传输了 3,439 字节 (用时1 秒)
2014-04-08 17:03:56 2348 2 状态: 开始上传 U:\companyads\2014\sh\jianxin0408_7097\div_ver\images\hand.gif
2014-04-08 17:03:56 2348 2 命令: CWD /internal/companyads/2014/sh/jianxin0408_7097/div_ver/images
2014-04-08 17:03:56 2348 2 响应: 250 Directory successfully changed.
2014-04-08 17:03:56 2348 2 命令: PWD
2014-04-08 17:03:56 2348 2 响应: 257 "/internal/companyads/2014/sh/jianxin0408_7097/div_ver/images"
2014-04-08 17:03:56 2348 2 状态: 读取目录列表...
2014-04-08 17:03:56 2348 2 命令: TYPE I
2014-04-08 17:03:56 2348 2 响应: 200 Switching to Binary mode.
2014-04-08 17:03:56 2348 2 命令: PASV
2014-04-08 17:03:56 2348 2 响应: 227 Entering Passive Mode (192,168,1,48,79,144).
2014-04-08 17:03:56 2348 2 命令: LIST
2014-04-08 17:03:56 2348 2 响应: 150 Here comes the directory listing.
2014-04-08 17:03:56 2348 2 响应: 226 Directory send OK.
2014-04-08 17:03:56 2348 2 命令: PASV
2014-04-08 17:03:57 2348 2 响应: 227 Entering Passive Mode (192,168,1,48,185,201).
2014-04-08 17:03:57 2348 2 命令: STOR hand.gif
2014-04-08 17:03:57 2348 2 响应: 150 Ok to send data.
2014-04-08 17:03:57 2348 2 响应: 226 Transfer complete.
2014-04-08 17:03:57 2348 2 状态: 文件传输成功，传输了 121 字节 (用时1 秒)
2014-04-08 17:03:57 2348 2 状态: 开始上传 U:\companyads\2014\sh\jianxin0408_7097\div_ver\images\index_02.jpg
2014-04-08 17:03:57 2348 2 命令: PASV
2014-04-08 17:03:57 2348 2 响应: 227 Entering Passive Mode (192,168,1,48,152,74).
2014-04-08 17:03:57 2348 2 命令: STOR index_02.jpg
2014-04-08 17:03:57 2348 2 响应: 150 Ok to send data.
2014-04-08 17:03:57 2348 2 响应: 226 Transfer complete.
2014-04-08 17:03:57 2348 2 状态: 文件传输成功，传输了 39,420 字节 (用时1 秒)
2014-04-08 17:03:57 2348 2 状态: 开始上传 U:\companyads\2014\sh\jianxin0408_7097\div_ver\images\index_03.jpg
2014-04-08 17:03:57 2348 2 命令: PASV
2014-04-08 17:03:57 2348 2 响应: 227 Entering Passive Mode (192,168,1,48,193,98).
2014-04-08 17:03:57 2348 2 命令: STOR index_03.jpg
2014-04-08 17:03:57 2348 2 响应: 150 Ok to send data.
2014-04-08 17:03:57 2348 2 响应: 226 Transfer complete.
2014-04-08 17:03:57 2348 2 状态: 文件传输成功，传输了 418 字节 (用时1 秒)
2014-04-08 17:03:57 2348 2 状态: 开始上传 U:\companyads\2014\sh\jianxin0408_7097\div_ver\images\index_05.jpg
2014-04-08 17:03:57 2348 2 命令: PASV
2014-04-08 17:03:57 2348 2 响应: 227 Entering Passive Mode (192,168,1,48,185,88).
2014-04-08 17:03:57 2348 2 命令: STOR index_05.jpg
2014-04-08 17:03:57 2348 2 响应: 150 Ok to send data.
2014-04-08 17:03:58 2348 2 响应: 226 Transfer complete.
2014-04-08 17:03:58 2348 2 状态: 文件传输成功，传输了 257,482 字节 (用时1 秒)
2014-04-08 17:03:58 2348 2 状态: 开始上传 U:\companyads\2014\sh\jianxin0408_7097\div_ver\images\index_07.jpg
2014-04-08 17:03:58 2348 2 命令: PASV
2014-04-08 17:03:58 2348 2 响应: 227 Entering Passive Mode (192,168,1,48,166,233).
2014-04-08 17:03:58 2348 2 命令: STOR index_07.jpg
2014-04-08 17:03:58 2348 2 响应: 150 Ok to send data.
2014-04-08 17:03:58 2348 2 响应: 226 Transfer complete.
2014-04-08 17:03:58 2348 2 状态: 文件传输成功，传输了 14,409 字节 (用时1 秒)
2014-04-08 17:03:58 2348 2 状态: 开始上传 U:\companyads\2014\sh\jianxin0408_7097\div_ver\images\index_09.jpg
2014-04-08 17:03:58 2348 2 命令: PASV
2014-04-08 17:03:58 2348 2 响应: 227 Entering Passive Mode (192,168,1,48,229,20).
2014-04-08 17:03:58 2348 2 命令: STOR index_09.jpg
2014-04-08 17:03:58 2348 2 响应: 150 Ok to send data.
2014-04-08 17:03:58 2348 2 响应: 226 Transfer complete.
2014-04-08 17:03:58 2348 2 状态: 文件传输成功，传输了 407 字节 (用时1 秒)
2014-04-08 17:03:58 2348 2 状态: 开始上传 U:\companyads\2014\sh\jianxin0408_7097\div_ver\images\index_13.jpg
2014-04-08 17:03:58 2348 2 命令: PASV
2014-04-08 17:03:58 2348 2 响应: 227 Entering Passive Mode (192,168,1,48,119,54).
2014-04-08 17:03:58 2348 2 命令: STOR index_13.jpg
2014-04-08 17:03:58 2348 2 响应: 150 Ok to send data.
2014-04-08 17:03:58 2348 2 响应: 226 Transfer complete.
2014-04-08 17:03:58 2348 2 状态: 文件传输成功，传输了 13,623 字节 (用时1 秒)
2014-04-08 17:03:58 2348 2 状态: 开始上传 U:\companyads\2014\sh\jianxin0408_7097\div_ver\images\index_14.jpg
2014-04-08 17:03:58 2348 2 命令: PASV
2014-04-08 17:03:58 2348 2 响应: 227 Entering Passive Mode (192,168,1,48,70,210).
2014-04-08 17:03:58 2348 2 命令: STOR index_14.jpg
2014-04-08 17:03:58 2348 2 响应: 150 Ok to send data.
2014-04-08 17:03:58 2348 2 响应: 226 Transfer complete.
2014-04-08 17:03:58 2348 2 状态: 文件传输成功，传输了 381 字节 (用时1 秒)
2014-04-08 17:03:58 2348 2 状态: 开始上传 U:\companyads\2014\sh\jianxin0408_7097\div_ver\images\index_17.jpg
2014-04-08 17:03:58 2348 2 命令: PASV
2014-04-08 17:03:58 2348 2 响应: 227 Entering Passive Mode (192,168,1,48,168,135).
2014-04-08 17:03:58 2348 2 命令: STOR index_17.jpg
2014-04-08 17:03:58 2348 2 响应: 150 Ok to send data.
2014-04-08 17:03:58 2348 2 响应: 226 Transfer complete.
2014-04-08 17:03:58 2348 2 状态: 文件传输成功，传输了 386 字节 (用时1 秒)
2014-04-08 17:03:58 2348 2 状态: 开始上传 U:\companyads\2014\sh\jianxin0408_7097\div_ver\images\index_18.jpg
2014-04-08 17:03:58 2348 2 命令: PASV
2014-04-08 17:03:58 2348 2 响应: 227 Entering Passive Mode (192,168,1,48,242,136).
2014-04-08 17:03:58 2348 2 命令: STOR index_18.jpg
2014-04-08 17:03:58 2348 2 响应: 150 Ok to send data.
2014-04-08 17:03:58 2348 2 响应: 226 Transfer complete.
2014-04-08 17:03:58 2348 2 状态: 文件传输成功，传输了 13,801 字节 (用时1 秒)
2014-04-08 17:03:58 2348 2 状态: 开始上传 U:\companyads\2014\sh\jianxin0408_7097\div_ver\template\index.htm
2014-04-08 17:03:58 2348 2 命令: CWD /internal/companyads/2014/sh/jianxin0408_7097/div_ver/template
2014-04-08 17:03:58 2348 2 响应: 250 Directory successfully changed.
2014-04-08 17:03:58 2348 2 命令: PWD
2014-04-08 17:03:58 2348 2 响应: 257 "/internal/companyads/2014/sh/jianxin0408_7097/div_ver/template"
2014-04-08 17:03:58 2348 2 状态: 读取目录列表...
2014-04-08 17:03:58 2348 2 命令: PASV
2014-04-08 17:03:58 2348 2 响应: 227 Entering Passive Mode (192,168,1,48,229,48).
2014-04-08 17:03:58 2348 2 命令: LIST
2014-04-08 17:03:59 2348 2 响应: 150 Here comes the directory listing.
2014-04-08 17:03:59 2348 2 响应: 226 Directory send OK.
2014-04-08 17:03:59 2348 2 命令: TYPE A
2014-04-08 17:03:59 2348 2 响应: 200 Switching to ASCII mode.
2014-04-08 17:03:59 2348 2 命令: PASV
2014-04-08 17:03:59 2348 2 响应: 227 Entering Passive Mode (192,168,1,48,34,209).
2014-04-08 17:03:59 2348 2 命令: STOR index.htm
2014-04-08 17:03:59 2348 2 响应: 150 Ok to send data.
2014-04-08 17:03:59 2348 2 响应: 226 Transfer complete.
2014-04-08 17:03:59 2348 2 状态: 文件传输成功，传输了 2,657 字节 (用时1 秒)
2014-04-08 17:03:59 2348 2 状态: 开始上传 U:\companyads\2014\sh\jianxin0408_7097\div_ver\template\styles.css
2014-04-08 17:03:59 2348 2 命令: PASV
2014-04-08 17:03:59 2348 2 响应: 227 Entering Passive Mode (192,168,1,48,115,177).
2014-04-08 17:03:59 2348 2 命令: STOR styles.css
2014-04-08 17:03:59 2348 2 响应: 150 Ok to send data.
2014-04-08 17:03:59 2348 2 响应: 226 Transfer complete.
2014-04-08 17:03:59 2348 2 状态: 文件传输成功，传输了 1,547 字节 (用时1 秒)
2014-04-08 17:03:59 2348 2 状态: 开始上传 U:\companyads\2014\sh\jianxin0408_7097\div_ver\template\images\hand.gif
2014-04-08 17:03:59 2348 2 命令: CWD /internal/companyads/2014/sh/jianxin0408_7097/div_ver/template/images
2014-04-08 17:03:59 2348 2 响应: 250 Directory successfully changed.
2014-04-08 17:03:59 2348 2 命令: PWD
2014-04-08 17:03:59 2348 2 响应: 257 "/internal/companyads/2014/sh/jianxin0408_7097/div_ver/template/images"
2014-04-08 17:03:59 2348 2 状态: 读取目录列表...
2014-04-08 17:03:59 2348 2 命令: TYPE I
2014-04-08 17:03:59 2348 2 响应: 200 Switching to Binary mode.
2014-04-08 17:03:59 2348 2 命令: PASV
2014-04-08 17:03:59 2348 2 响应: 227 Entering Passive Mode (192,168,1,48,220,189).
2014-04-08 17:03:59 2348 2 命令: LIST
2014-04-08 17:03:59 2348 2 响应: 150 Here comes the directory listing.
2014-04-08 17:03:59 2348 2 响应: 226 Directory send OK.
2014-04-08 17:03:59 2348 2 命令: PASV
2014-04-08 17:03:59 2348 2 响应: 227 Entering Passive Mode (192,168,1,48,210,140).
2014-04-08 17:03:59 2348 2 命令: STOR hand.gif
2014-04-08 17:03:59 2348 2 响应: 150 Ok to send data.
2014-04-08 17:03:59 2348 2 响应: 226 Transfer complete.
2014-04-08 17:03:59 2348 2 状态: 文件传输成功，传输了 121 字节 (用时1 秒)
2014-04-08 17:03:59 2348 2 状态: 开始上传 U:\companyads\2014\sh\jianxin0408_7097\div_ver\template\images\index_02.jpg
2014-04-08 17:03:59 2348 2 命令: PASV
2014-04-08 17:03:59 2348 2 响应: 227 Entering Passive Mode (192,168,1,48,203,137).
2014-04-08 17:03:59 2348 2 命令: STOR index_02.jpg
2014-04-08 17:03:59 2348 2 响应: 150 Ok to send data.
2014-04-08 17:04:17 2348 1 错误: 连接超时
2014-04-08 17:04:17 2348 1 错误: 文件传输失败
2014-04-08 17:04:17 2348 1 状态: 正在连接 192.168.1.48:21...
2014-04-08 17:04:17 2348 1 状态: 连接建立，等待欢迎消息...
2014-04-08 17:04:17 2348 1 响应: 220 Welcome to 51job FTP service.
2014-04-08 17:04:17 2348 1 命令: USER webmaster
2014-04-08 17:04:17 2348 1 响应: 331 Please specify the password.
2014-04-08 17:04:17 2348 1 命令: PASS ************
2014-04-08 17:04:17 2348 1 响应: 230 Login successful.
2014-04-08 17:04:17 2348 1 命令: OPTS UTF8 ON
2014-04-08 17:04:17 2348 1 响应: 550 Permission denied.
2014-04-08 17:04:17 2348 1 状态: 已连接
2014-04-08 17:04:17 2348 1 状态: 开始上传 U:\companyads\2014\sh\jianxin0408_7097\div_ver\styles.css
2014-04-08 17:04:17 2348 1 命令: CWD /internal/companyads/2014/sh/jianxin0408_7097/div_ver
2014-04-08 17:04:17 2348 1 响应: 250 Directory successfully changed.
2014-04-08 17:04:17 2348 1 状态: 读取目录列表...
2014-04-08 17:04:17 2348 1 命令: TYPE I
2014-04-08 17:04:17 2348 1 响应: 200 Switching to Binary mode.
2014-04-08 17:04:17 2348 1 命令: PASV
2014-04-08 17:04:17 2348 1 响应: 227 Entering Passive Mode (192,168,1,48,237,98).
2014-04-08 17:04:17 2348 1 命令: LIST
2014-04-08 17:04:17 2348 1 响应: 150 Here comes the directory listing.
2014-04-08 17:04:17 2348 1 响应: 226 Directory send OK.
2014-04-08 17:04:17 2348 1 命令: TYPE A
2014-04-08 17:04:17 2348 1 响应: 200 Switching to ASCII mode.
2014-04-08 17:04:17 2348 1 命令: PASV
2014-04-08 17:04:17 2348 1 响应: 227 Entering Passive Mode (192,168,1,48,146,5).
2014-04-08 17:04:17 2348 1 命令: STOR styles.css
2014-04-08 17:04:20 2348 2 错误: 连接超时
2014-04-08 17:04:20 2348 2 错误: 文件传输失败
2014-04-08 17:04:20 2348 2 状态: 正在连接 192.168.1.48:21...
2014-04-08 17:04:20 2348 2 状态: 连接建立，等待欢迎消息...
2014-04-08 17:04:20 2348 2 响应: 220 Welcome to 51job FTP service.
2014-04-08 17:04:20 2348 2 命令: USER webmaster
2014-04-08 17:04:20 2348 2 响应: 331 Please specify the password.
2014-04-08 17:04:20 2348 2 命令: PASS ************
2014-04-08 17:04:20 2348 2 响应: 230 Login successful.
2014-04-08 17:04:20 2348 2 命令: OPTS UTF8 ON
2014-04-08 17:04:20 2348 2 响应: 550 Permission denied.
2014-04-08 17:04:20 2348 2 状态: 已连接
2014-04-08 17:04:20 2348 2 状态: 开始上传 U:\companyads\2014\sh\jianxin0408_7097\div_ver\template\images\index_02.jpg
2014-04-08 17:04:20 2348 2 命令: CWD /internal/companyads/2014/sh/jianxin0408_7097/div_ver/template/images
2014-04-08 17:04:20 2348 2 响应: 250 Directory successfully changed.
2014-04-08 17:04:20 2348 2 状态: 读取目录列表...
2014-04-08 17:04:20 2348 2 命令: TYPE I
2014-04-08 17:04:20 2348 2 响应: 200 Switching to Binary mode.
2014-04-08 17:04:20 2348 2 命令: PASV
2014-04-08 17:04:20 2348 2 响应: 227 Entering Passive Mode (192,168,1,48,129,175).
2014-04-08 17:04:20 2348 2 命令: LIST
2014-04-08 17:04:20 2348 2 响应: 150 Here comes the directory listing.
2014-04-08 17:04:20 2348 2 响应: 226 Directory send OK.
2014-04-08 17:04:20 2348 2 命令: PASV
2014-04-08 17:04:20 2348 2 响应: 227 Entering Passive Mode (192,168,1,48,168,160).
2014-04-08 17:04:20 2348 2 命令: STOR index_02.jpg
2014-04-08 17:04:38 2348 1 错误: 连接超时
2014-04-08 17:04:38 2348 1 错误: 文件传输失败
2014-04-08 17:04:38 2348 1 状态: 正在连接 192.168.1.48:21...
2014-04-08 17:04:38 2348 1 状态: 连接建立，等待欢迎消息...
2014-04-08 17:04:38 2348 1 响应: 220 Welcome to 51job FTP service.
2014-04-08 17:04:38 2348 1 命令: USER webmaster
2014-04-08 17:04:38 2348 1 响应: 331 Please specify the password.
2014-04-08 17:04:38 2348 1 命令: PASS ************
2014-04-08 17:04:39 2348 1 响应: 230 Login successful.
2014-04-08 17:04:39 2348 1 命令: OPTS UTF8 ON
2014-04-08 17:04:39 2348 1 响应: 550 Permission denied.
2014-04-08 17:04:39 2348 1 状态: 已连接
2014-04-08 17:04:39 2348 1 状态: 开始上传 U:\companyads\2014\sh\jianxin0408_7097\div_ver\styles.css
2014-04-08 17:04:39 2348 1 命令: CWD /internal/companyads/2014/sh/jianxin0408_7097/div_ver
2014-04-08 17:04:39 2348 1 响应: 250 Directory successfully changed.
2014-04-08 17:04:39 2348 1 状态: 读取目录列表...
2014-04-08 17:04:39 2348 1 命令: TYPE I
2014-04-08 17:04:39 2348 1 响应: 200 Switching to Binary mode.
2014-04-08 17:04:39 2348 1 命令: PASV
2014-04-08 17:04:39 2348 1 响应: 227 Entering Passive Mode (192,168,1,48,243,38).
2014-04-08 17:04:39 2348 1 命令: LIST
2014-04-08 17:04:39 2348 1 响应: 150 Here comes the directory listing.
2014-04-08 17:04:39 2348 1 响应: 226 Directory send OK.
2014-04-08 17:04:39 2348 1 命令: TYPE A
2014-04-08 17:04:39 2348 1 响应: 200 Switching to ASCII mode.
2014-04-08 17:04:39 2348 1 命令: PASV
2014-04-08 17:04:39 2348 1 响应: 227 Entering Passive Mode (192,168,1,48,24,152).
2014-04-08 17:04:39 2348 1 命令: STOR styles.css
2014-04-08 17:04:41 2348 2 错误: 连接超时
2014-04-08 17:04:41 2348 2 错误: 文件传输失败
2014-04-08 17:04:41 2348 2 状态: 正在连接 192.168.1.48:21...
2014-04-08 17:04:41 2348 2 状态: 连接建立，等待欢迎消息...
2014-04-08 17:04:41 2348 2 响应: 220 Welcome to 51job FTP service.
2014-04-08 17:04:41 2348 2 命令: USER webmaster
2014-04-08 17:04:41 2348 2 响应: 331 Please specify the password.
2014-04-08 17:04:41 2348 2 命令: PASS ************
2014-04-08 17:04:41 2348 2 响应: 230 Login successful.
2014-04-08 17:04:41 2348 2 命令: OPTS UTF8 ON
2014-04-08 17:04:41 2348 2 响应: 550 Permission denied.
2014-04-08 17:04:41 2348 2 状态: 已连接
2014-04-08 17:04:41 2348 2 状态: 开始上传 U:\companyads\2014\sh\jianxin0408_7097\div_ver\template\images\index_02.jpg
2014-04-08 17:04:41 2348 2 命令: CWD /internal/companyads/2014/sh/jianxin0408_7097/div_ver/template/images
2014-04-08 17:04:41 2348 2 响应: 250 Directory successfully changed.
2014-04-08 17:04:41 2348 2 状态: 读取目录列表...
2014-04-08 17:04:41 2348 2 命令: TYPE I
2014-04-08 17:04:41 2348 2 响应: 200 Switching to Binary mode.
2014-04-08 17:04:41 2348 2 命令: PASV
2014-04-08 17:04:41 2348 2 响应: 227 Entering Passive Mode (192,168,1,48,121,199).
2014-04-08 17:04:41 2348 2 命令: LIST
2014-04-08 17:04:41 2348 2 响应: 150 Here comes the directory listing.
2014-04-08 17:04:41 2348 2 响应: 226 Directory send OK.
2014-04-08 17:04:41 2348 2 命令: PASV
2014-04-08 17:04:41 2348 2 响应: 227 Entering Passive Mode (192,168,1,48,101,244).
2014-04-08 17:04:41 2348 2 命令: STOR index_02.jpg
2014-04-08 17:05:00 2348 1 错误: 连接超时
2014-04-08 17:05:00 2348 1 错误: 文件传输失败
2014-04-08 17:05:00 2348 1 状态: 正在连接 192.168.1.48:21...
2014-04-08 17:05:00 2348 1 状态: 连接建立，等待欢迎消息...
2014-04-08 17:05:00 2348 1 响应: 220 Welcome to 51job FTP service.
2014-04-08 17:05:00 2348 1 命令: USER webmaster
2014-04-08 17:05:00 2348 1 响应: 331 Please specify the password.
2014-04-08 17:05:00 2348 1 命令: PASS ************
2014-04-08 17:05:00 2348 1 响应: 230 Login successful.
2014-04-08 17:05:00 2348 1 命令: OPTS UTF8 ON
2014-04-08 17:05:00 2348 1 响应: 550 Permission denied.
2014-04-08 17:05:00 2348 1 状态: 已连接
2014-04-08 17:05:00 2348 1 状态: 开始上传 U:\companyads\2014\sh\jianxin0408_7097\div_ver\template\images\index_03.jpg
2014-04-08 17:05:00 2348 1 命令: CWD /internal/companyads/2014/sh/jianxin0408_7097/div_ver/template/images
2014-04-08 17:05:00 2348 1 响应: 250 Directory successfully changed.
2014-04-08 17:05:00 2348 1 命令: TYPE I
2014-04-08 17:05:00 2348 1 响应: 200 Switching to Binary mode.
2014-04-08 17:05:00 2348 1 命令: PASV
2014-04-08 17:05:00 2348 1 响应: 227 Entering Passive Mode (192,168,1,48,37,127).
2014-04-08 17:05:00 2348 1 命令: STOR index_03.jpg
2014-04-08 17:05:00 2348 1 响应: 150 Ok to send data.
2014-04-08 17:05:00 2348 1 响应: 226 Transfer complete.
2014-04-08 17:05:00 2348 1 状态: 文件传输成功，传输了 418 字节 (用时1 秒)
2014-04-08 17:05:00 2348 1 状态: 开始上传 U:\companyads\2014\sh\jianxin0408_7097\div_ver\template\images\index_05.jpg
2014-04-08 17:05:00 2348 1 命令: PASV
2014-04-08 17:05:00 2348 1 响应: 227 Entering Passive Mode (192,168,1,48,236,64).
2014-04-08 17:05:00 2348 1 命令: STOR index_05.jpg
2014-04-08 17:05:00 2348 1 响应: 150 Ok to send data.
2014-04-08 17:05:02 2348 2 错误: 连接超时
2014-04-08 17:05:02 2348 2 错误: 文件传输失败
2014-04-08 17:05:02 2348 2 状态: 正在连接 192.168.1.48:21...
2014-04-08 17:05:02 2348 2 状态: 连接建立，等待欢迎消息...
2014-04-08 17:05:02 2348 2 响应: 220 Welcome to 51job FTP service.
2014-04-08 17:05:02 2348 2 命令: USER webmaster
2014-04-08 17:05:02 2348 2 响应: 331 Please specify the password.
2014-04-08 17:05:02 2348 2 命令: PASS ************
2014-04-08 17:05:02 2348 2 响应: 230 Login successful.
2014-04-08 17:05:02 2348 2 命令: OPTS UTF8 ON
2014-04-08 17:05:02 2348 2 响应: 550 Permission denied.
2014-04-08 17:05:02 2348 2 状态: 已连接
2014-04-08 17:05:02 2348 2 状态: 开始上传 U:\companyads\2014\sh\jianxin0408_7097\div_ver\template\images\index_07.jpg
2014-04-08 17:05:02 2348 2 命令: CWD /internal/companyads/2014/sh/jianxin0408_7097/div_ver/template/images
2014-04-08 17:05:02 2348 2 响应: 250 Directory successfully changed.
2014-04-08 17:05:02 2348 2 命令: TYPE I
2014-04-08 17:05:02 2348 2 响应: 200 Switching to Binary mode.
2014-04-08 17:05:02 2348 2 命令: PASV
2014-04-08 17:05:02 2348 2 响应: 227 Entering Passive Mode (192,168,1,48,69,40).
2014-04-08 17:05:02 2348 2 命令: STOR index_07.jpg
2014-04-08 17:05:02 2348 2 响应: 150 Ok to send data.
2014-04-08 17:05:02 2348 2 响应: 226 Transfer complete.
2014-04-08 17:05:02 2348 2 状态: 文件传输成功，传输了 14,409 字节 (用时1 秒)
2014-04-08 17:05:02 2348 2 状态: 开始上传 U:\companyads\2014\sh\jianxin0408_7097\div_ver\template\images\index_09.jpg
2014-04-08 17:05:02 2348 2 命令: PASV
2014-04-08 17:05:02 2348 2 响应: 227 Entering Passive Mode (192,168,1,48,253,238).
2014-04-08 17:05:02 2348 2 命令: STOR index_09.jpg
2014-04-08 17:05:02 2348 2 响应: 150 Ok to send data.
2014-04-08 17:05:02 2348 2 响应: 226 Transfer complete.
2014-04-08 17:05:02 2348 2 状态: 文件传输成功，传输了 407 字节 (用时1 秒)
2014-04-08 17:05:02 2348 2 状态: 开始上传 U:\companyads\2014\sh\jianxin0408_7097\div_ver\template\images\index_13.jpg
2014-04-08 17:05:02 2348 2 命令: PASV
2014-04-08 17:05:02 2348 2 响应: 227 Entering Passive Mode (192,168,1,48,74,207).
2014-04-08 17:05:02 2348 2 命令: STOR index_13.jpg
2014-04-08 17:05:02 2348 2 响应: 150 Ok to send data.
2014-04-08 17:05:02 2348 2 响应: 226 Transfer complete.
2014-04-08 17:05:02 2348 2 状态: 文件传输成功，传输了 13,623 字节 (用时1 秒)
2014-04-08 17:05:02 2348 2 状态: 开始上传 U:\companyads\2014\sh\jianxin0408_7097\div_ver\template\images\index_14.jpg
2014-04-08 17:05:02 2348 2 命令: PASV
2014-04-08 17:05:03 2348 2 响应: 227 Entering Passive Mode (192,168,1,48,109,194).
2014-04-08 17:05:03 2348 2 命令: STOR index_14.jpg
2014-04-08 17:05:03 2348 2 响应: 150 Ok to send data.
2014-04-08 17:05:03 2348 2 响应: 226 Transfer complete.
2014-04-08 17:05:03 2348 2 状态: 文件传输成功，传输了 381 字节 (用时1 秒)
2014-04-08 17:05:03 2348 2 状态: 开始上传 U:\companyads\2014\sh\jianxin0408_7097\div_ver\template\images\index_17.jpg
2014-04-08 17:05:03 2348 2 命令: PASV
2014-04-08 17:05:03 2348 2 响应: 227 Entering Passive Mode (192,168,1,48,145,3).
2014-04-08 17:05:03 2348 2 命令: STOR index_17.jpg
2014-04-08 17:05:03 2348 2 响应: 150 Ok to send data.
2014-04-08 17:05:03 2348 2 响应: 226 Transfer complete.
2014-04-08 17:05:03 2348 2 状态: 文件传输成功，传输了 386 字节 (用时1 秒)
2014-04-08 17:05:03 2348 2 状态: 开始上传 U:\companyads\2014\sh\jianxin0408_7097\div_ver\template\images\index_18.jpg
2014-04-08 17:05:03 2348 2 命令: PASV
2014-04-08 17:05:03 2348 2 响应: 227 Entering Passive Mode (192,168,1,48,209,61).
2014-04-08 17:05:03 2348 2 命令: STOR index_18.jpg
2014-04-08 17:05:03 2348 2 响应: 150 Ok to send data.
2014-04-08 17:05:03 2348 2 响应: 226 Transfer complete.
2014-04-08 17:05:03 2348 2 状态: 文件传输成功，传输了 13,801 字节 (用时1 秒)
2014-04-08 17:05:03 2348 2 状态: 开始上传 U:\companyads\2014\sh\jianxin0408_7097\images\bg_02.jpg
2014-04-08 17:05:03 2348 2 命令: CWD /internal/companyads/2014/sh/jianxin0408_7097/images
2014-04-08 17:05:03 2348 2 响应: 250 Directory successfully changed.
2014-04-08 17:05:03 2348 2 命令: PWD
2014-04-08 17:05:03 2348 2 响应: 257 "/internal/companyads/2014/sh/jianxin0408_7097/images"
2014-04-08 17:05:03 2348 2 状态: 读取目录列表...
2014-04-08 17:05:03 2348 2 命令: PASV
2014-04-08 17:05:03 2348 2 响应: 227 Entering Passive Mode (192,168,1,48,96,236).
2014-04-08 17:05:03 2348 2 命令: LIST
2014-04-08 17:05:03 2348 2 响应: 150 Here comes the directory listing.
2014-04-08 17:05:03 2348 2 状态: 收到无效字节，将禁用 UTF-8 编码。请在站点管理器中强制选择 UTF-8 编码。
2014-04-08 17:05:03 2348 2 响应: 226 Directory send OK.
2014-04-08 17:05:03 2348 2 命令: PASV
2014-04-08 17:05:03 2348 2 响应: 227 Entering Passive Mode (192,168,1,48,70,103).
2014-04-08 17:05:03 2348 2 命令: STOR bg_02.jpg
2014-04-08 17:05:03 2348 2 响应: 150 Ok to send data.
2014-04-08 17:05:03 2348 2 响应: 226 Transfer complete.
2014-04-08 17:05:03 2348 2 状态: 文件传输成功，传输了 1,770 字节 (用时1 秒)
2014-04-08 17:05:03 2348 2 状态: 开始上传 U:\companyads\2014\sh\jianxin0408_7097\images\bg_03.jpg
2014-04-08 17:05:03 2348 2 命令: PASV
2014-04-08 17:05:03 2348 2 响应: 227 Entering Passive Mode (192,168,1,48,42,14).
2014-04-08 17:05:03 2348 2 命令: STOR bg_03.jpg
2014-04-08 17:05:03 2348 2 响应: 150 Ok to send data.
2014-04-08 17:05:03 2348 2 响应: 226 Transfer complete.
2014-04-08 17:05:03 2348 2 状态: 文件传输成功，传输了 9,505 字节 (用时1 秒)
2014-04-08 17:05:03 2348 2 状态: 开始上传 U:\companyads\2014\sh\jianxin0408_7097\images\hand.gif
2014-04-08 17:05:03 2348 2 命令: PASV
2014-04-08 17:05:03 2348 2 响应: 227 Entering Passive Mode (192,168,1,48,196,190).
2014-04-08 17:05:03 2348 2 命令: STOR hand.gif
2014-04-08 17:05:03 2348 2 响应: 150 Ok to send data.
2014-04-08 17:05:03 2348 2 响应: 226 Transfer complete.
2014-04-08 17:05:03 2348 2 状态: 文件传输成功，传输了 121 字节 (用时1 秒)
2014-04-08 17:05:03 2348 2 状态: 开始上传 U:\companyads\2014\sh\jianxin0408_7097\images\index_02.jpg
2014-04-08 17:05:03 2348 2 命令: PASV
2014-04-08 17:05:03 2348 2 响应: 227 Entering Passive Mode (192,168,1,48,173,234).
2014-04-08 17:05:03 2348 2 命令: STOR index_02.jpg
2014-04-08 17:05:03 2348 1 响应: 226 Transfer complete.
2014-04-08 17:05:03 2348 1 状态: 文件传输成功，传输了 257,482 字节 (用时3 秒)
2014-04-08 17:05:03 2348 1 状态: 开始上传 U:\companyads\2014\sh\jianxin0408_7097\images\index_04.jpg
2014-04-08 17:05:03 2348 1 命令: CWD /internal/companyads/2014/sh/jianxin0408_7097/images
2014-04-08 17:05:03 2348 1 响应: 250 Directory successfully changed.
2014-04-08 17:05:03 2348 1 命令: PASV
2014-04-08 17:05:03 2348 1 响应: 227 Entering Passive Mode (192,168,1,48,57,11).
2014-04-08 17:05:03 2348 1 命令: STOR index_04.jpg
2014-04-08 17:05:03 2348 1 响应: 150 Ok to send data.
2014-04-08 17:05:04 2348 1 响应: 226 Transfer complete.
2014-04-08 17:05:04 2348 1 状态: 文件传输成功，传输了 227,237 字节 (用时1 秒)
2014-04-08 17:05:04 2348 1 状态: 开始上传 U:\companyads\2014\sh\jianxin0408_7097\images\index_05.jpg
2014-04-08 17:05:04 2348 1 命令: PASV
2014-04-08 17:05:04 2348 1 响应: 227 Entering Passive Mode (192,168,1,48,185,141).
2014-04-08 17:05:04 2348 1 命令: STOR index_05.jpg
2014-04-08 17:05:04 2348 1 响应: 150 Ok to send data.
2014-04-08 17:05:04 2348 1 响应: 226 Transfer complete.
2014-04-08 17:05:04 2348 1 状态: 文件传输成功，传输了 20,104 字节 (用时1 秒)
2014-04-08 17:05:04 2348 1 状态: 开始上传 U:\companyads\2014\sh\jianxin0408_7097\images\index_07.jpg
2014-04-08 17:05:04 2348 1 命令: PASV
2014-04-08 17:05:04 2348 1 响应: 227 Entering Passive Mode (192,168,1,48,188,75).
2014-04-08 17:05:04 2348 1 命令: STOR index_07.jpg
2014-04-08 17:05:04 2348 1 响应: 150 Ok to send data.
2014-04-08 17:05:04 2348 1 响应: 226 Transfer complete.
2014-04-08 17:05:04 2348 1 状态: 文件传输成功，传输了 16,363 字节 (用时1 秒)
2014-04-08 17:05:04 2348 1 状态: 开始上传 U:\companyads\2014\sh\jianxin0408_7097\images\index_09.jpg
2014-04-08 17:05:04 2348 1 命令: PASV
2014-04-08 17:05:04 2348 1 响应: 227 Entering Passive Mode (192,168,1,48,72,120).
2014-04-08 17:05:04 2348 1 命令: STOR index_09.jpg
2014-04-08 17:05:04 2348 1 响应: 150 Ok to send data.
2014-04-08 17:05:04 2348 1 响应: 226 Transfer complete.
2014-04-08 17:05:04 2348 1 状态: 文件传输成功，传输了 16,810 字节 (用时1 秒)
2014-04-08 17:05:04 2348 1 状态: 开始上传 U:\companyads\2014\sh\jianxin0408_7097\images\index_11.jpg
2014-04-08 17:05:04 2348 1 命令: PASV
2014-04-08 17:05:04 2348 1 响应: 227 Entering Passive Mode (192,168,1,48,202,108).
2014-04-08 17:05:04 2348 1 命令: STOR index_11.jpg
2014-04-08 17:05:04 2348 1 响应: 150 Ok to send data.
2014-04-08 17:05:04 2348 1 响应: 226 Transfer complete.
2014-04-08 17:05:04 2348 1 状态: 文件传输成功，传输了 791 字节 (用时1 秒)
2014-04-08 17:05:04 2348 1 状态: 开始上传 U:\companyads\2014\sh\jianxin0408_7097\images\top.jpg
2014-04-08 17:05:04 2348 1 命令: PASV
2014-04-08 17:05:04 2348 1 响应: 227 Entering Passive Mode (192,168,1,48,165,157).
2014-04-08 17:05:04 2348 1 命令: STOR top.jpg
2014-04-08 17:05:04 2348 1 响应: 150 Ok to send data.
2014-04-08 17:05:06 2348 1 响应: 226 Transfer complete.
2014-04-08 17:05:06 2348 1 状态: 文件传输成功，传输了 257,771 字节 (用时2 秒)
2014-04-08 17:05:06 2348 1 状态: 开始上传 U:\companyads\2014\sh\jianxin0408_7097\images\top33.jpg
2014-04-08 17:05:06 2348 1 命令: PASV
2014-04-08 17:05:06 2348 1 响应: 227 Entering Passive Mode (192,168,1,48,183,192).
2014-04-08 17:05:06 2348 1 命令: STOR top33.jpg
2014-04-08 17:05:06 2348 1 响应: 150 Ok to send data.
2014-04-08 17:05:06 2348 1 响应: 226 Transfer complete.
2014-04-08 17:05:06 2348 1 状态: 文件传输成功，传输了 275,431 字节 (用时1 秒)
2014-04-08 17:05:06 2348 1 状态: 开始上传 U:\companyads\2014\sh\jianxin0408_7097\images\top33a.jpg
2014-04-08 17:05:06 2348 1 命令: PASV
2014-04-08 17:05:06 2348 1 响应: 227 Entering Passive Mode (192,168,1,48,28,142).
2014-04-08 17:05:06 2348 1 命令: STOR top33a.jpg
2014-04-08 17:05:06 2348 1 响应: 150 Ok to send data.
2014-04-08 17:05:07 2348 1 响应: 226 Transfer complete.
2014-04-08 17:05:07 2348 1 状态: 文件传输成功，传输了 284,811 字节 (用时1 秒)
2014-04-08 17:05:07 2348 1 状态: 开始上传 U:\companyads\2014\sh\jianxin0408_7097\images\topa.jpg
2014-04-08 17:05:07 2348 1 命令: PASV
2014-04-08 17:05:07 2348 1 响应: 227 Entering Passive Mode (192,168,1,48,221,184).
2014-04-08 17:05:07 2348 1 命令: STOR topa.jpg
2014-04-08 17:05:07 2348 1 响应: 150 Ok to send data.
2014-04-08 17:05:08 2348 1 响应: 226 Transfer complete.
2014-04-08 17:05:08 2348 1 状态: 文件传输成功，传输了 249,066 字节 (用时1 秒)
2014-04-08 17:05:08 2348 1 状态: 开始上传 U:\companyads\2014\sh\jianxin0408_7097\images\topb.jpg
2014-04-08 17:05:08 2348 1 命令: PASV
2014-04-08 17:05:08 2348 1 响应: 227 Entering Passive Mode (192,168,1,48,224,181).
2014-04-08 17:05:08 2348 1 命令: STOR topb.jpg
2014-04-08 17:05:08 2348 1 响应: 150 Ok to send data.
2014-04-08 17:05:09 2348 1 响应: 226 Transfer complete.
2014-04-08 17:05:09 2348 1 状态: 文件传输成功，传输了 121,146 字节 (用时1 秒)
2014-04-08 17:05:09 2348 1 状态: 开始上传 U:\companyads\2014\sh\jianxin0408_7097\images\复件 top.jpg
2014-04-08 17:05:09 2348 1 命令: PASV
2014-04-08 17:05:09 2348 1 响应: 227 Entering Passive Mode (192,168,1,48,129,185).
2014-04-08 17:05:09 2348 1 命令: STOR 复件 top.jpg
2014-04-08 17:05:09 2348 1 响应: 150 Ok to send data.
2014-04-08 17:05:10 2348 1 响应: 226 Transfer complete.
2014-04-08 17:05:10 2348 1 状态: 文件传输成功，传输了 257,771 字节 (用时1 秒)
2014-04-08 17:05:10 2348 1 状态: 开始上传 U:\companyads\2014\sh\jianxin0408_7097\template\index.htm
2014-04-08 17:05:10 2348 1 命令: CWD /internal/companyads/2014/sh/jianxin0408_7097/template
2014-04-08 17:05:10 2348 1 响应: 250 Directory successfully changed.
2014-04-08 17:05:10 2348 1 命令: PWD
2014-04-08 17:05:10 2348 1 响应: 257 "/internal/companyads/2014/sh/jianxin0408_7097/template"
2014-04-08 17:05:10 2348 1 状态: 读取目录列表...
2014-04-08 17:05:10 2348 1 命令: PASV
2014-04-08 17:05:10 2348 1 响应: 227 Entering Passive Mode (192,168,1,48,224,16).
2014-04-08 17:05:10 2348 1 命令: LIST
2014-04-08 17:05:10 2348 1 响应: 150 Here comes the directory listing.
2014-04-08 17:05:10 2348 1 响应: 226 Directory send OK.
2014-04-08 17:05:10 2348 1 命令: TYPE A
2014-04-08 17:05:10 2348 1 响应: 200 Switching to ASCII mode.
2014-04-08 17:05:10 2348 1 命令: PASV
2014-04-08 17:05:10 2348 1 响应: 227 Entering Passive Mode (192,168,1,48,59,29).
2014-04-08 17:05:10 2348 1 命令: STOR index.htm
2014-04-08 17:05:24 2348 2 错误: 连接超时
2014-04-08 17:05:24 2348 2 错误: 文件传输失败
2014-04-08 17:05:24 2348 2 状态: 正在连接 192.168.1.48:21...
2014-04-08 17:05:24 2348 2 状态: 连接建立，等待欢迎消息...
2014-04-08 17:05:24 2348 2 响应: 220 Welcome to 51job FTP service.
2014-04-08 17:05:24 2348 2 命令: USER webmaster
2014-04-08 17:05:24 2348 2 响应: 331 Please specify the password.
2014-04-08 17:05:24 2348 2 命令: PASS ************
2014-04-08 17:05:24 2348 2 响应: 230 Login successful.
2014-04-08 17:05:24 2348 2 命令: OPTS UTF8 ON
2014-04-08 17:05:24 2348 2 响应: 550 Permission denied.
2014-04-08 17:05:24 2348 2 状态: 已连接
2014-04-08 17:05:24 2348 2 状态: 开始上传 U:\companyads\2014\sh\jianxin0408_7097\images\index_02.jpg
2014-04-08 17:05:24 2348 2 命令: CWD /internal/companyads/2014/sh/jianxin0408_7097/images
2014-04-08 17:05:24 2348 2 响应: 250 Directory successfully changed.
2014-04-08 17:05:24 2348 2 状态: 读取目录列表...
2014-04-08 17:05:24 2348 2 命令: TYPE I
2014-04-08 17:05:24 2348 2 响应: 200 Switching to Binary mode.
2014-04-08 17:05:24 2348 2 命令: PASV
2014-04-08 17:05:24 2348 2 响应: 227 Entering Passive Mode (192,168,1,48,167,255).
2014-04-08 17:05:24 2348 2 命令: LIST
2014-04-08 17:05:24 2348 2 响应: 150 Here comes the directory listing.
2014-04-08 17:05:24 2348 2 状态: 收到无效字节，将禁用 UTF-8 编码。请在站点管理器中强制选择 UTF-8 编码。
2014-04-08 17:05:24 2348 2 响应: 226 Directory send OK.
2014-04-08 17:05:24 2348 2 命令: PASV
2014-04-08 17:05:24 2348 2 响应: 227 Entering Passive Mode (192,168,1,48,35,214).
2014-04-08 17:05:24 2348 2 命令: STOR index_02.jpg
2014-04-08 17:05:31 2348 1 错误: 连接超时
2014-04-08 17:05:31 2348 1 错误: 文件传输失败
2014-04-08 17:05:31 2348 1 状态: 正在连接 192.168.1.48:21...
2014-04-08 17:05:31 2348 1 状态: 连接建立，等待欢迎消息...
2014-04-08 17:05:31 2348 1 响应: 220 Welcome to 51job FTP service.
2014-04-08 17:05:31 2348 1 命令: USER webmaster
2014-04-08 17:05:31 2348 1 响应: 331 Please specify the password.
2014-04-08 17:05:31 2348 1 命令: PASS ************
2014-04-08 17:05:31 2348 1 响应: 230 Login successful.
2014-04-08 17:05:31 2348 1 命令: OPTS UTF8 ON
2014-04-08 17:05:31 2348 1 响应: 550 Permission denied.
2014-04-08 17:05:31 2348 1 状态: 已连接
2014-04-08 17:05:31 2348 1 状态: 开始上传 U:\companyads\2014\sh\jianxin0408_7097\template\index.htm
2014-04-08 17:05:31 2348 1 命令: CWD /internal/companyads/2014/sh/jianxin0408_7097/template
2014-04-08 17:05:31 2348 1 响应: 250 Directory successfully changed.
2014-04-08 17:05:31 2348 1 状态: 读取目录列表...
2014-04-08 17:05:31 2348 1 命令: TYPE I
2014-04-08 17:05:31 2348 1 响应: 200 Switching to Binary mode.
2014-04-08 17:05:31 2348 1 命令: PASV
2014-04-08 17:05:31 2348 1 响应: 227 Entering Passive Mode (192,168,1,48,49,215).
2014-04-08 17:05:31 2348 1 命令: LIST
2014-04-08 17:05:31 2348 1 响应: 150 Here comes the directory listing.
2014-04-08 17:05:31 2348 1 响应: 226 Directory send OK.
2014-04-08 17:05:31 2348 1 命令: TYPE A
2014-04-08 17:05:31 2348 1 响应: 200 Switching to ASCII mode.
2014-04-08 17:05:31 2348 1 命令: PASV
2014-04-08 17:05:31 2348 1 响应: 227 Entering Passive Mode (192,168,1,48,122,111).
2014-04-08 17:05:31 2348 1 命令: STOR index.htm
2014-04-08 17:05:45 2348 2 错误: 连接超时
2014-04-08 17:05:45 2348 2 错误: 文件传输失败
2014-04-08 17:05:45 2348 2 状态: 正在连接 192.168.1.48:21...
2014-04-08 17:05:45 2348 2 状态: 连接建立，等待欢迎消息...
2014-04-08 17:05:45 2348 2 响应: 220 Welcome to 51job FTP service.
2014-04-08 17:05:45 2348 2 命令: USER webmaster
2014-04-08 17:05:45 2348 2 响应: 331 Please specify the password.
2014-04-08 17:05:45 2348 2 命令: PASS ************
2014-04-08 17:05:45 2348 2 响应: 230 Login successful.
2014-04-08 17:05:45 2348 2 命令: OPTS UTF8 ON
2014-04-08 17:05:45 2348 2 响应: 550 Permission denied.
2014-04-08 17:05:45 2348 2 状态: 已连接
2014-04-08 17:05:45 2348 2 状态: 开始上传 U:\companyads\2014\sh\jianxin0408_7097\images\index_02.jpg
2014-04-08 17:05:45 2348 2 命令: CWD /internal/companyads/2014/sh/jianxin0408_7097/images
2014-04-08 17:05:45 2348 2 响应: 250 Directory successfully changed.
2014-04-08 17:05:45 2348 2 状态: 读取目录列表...
2014-04-08 17:05:45 2348 2 命令: TYPE I
2014-04-08 17:05:45 2348 2 响应: 200 Switching to Binary mode.
2014-04-08 17:05:45 2348 2 命令: PASV
2014-04-08 17:05:45 2348 2 响应: 227 Entering Passive Mode (192,168,1,48,168,208).
2014-04-08 17:05:45 2348 2 命令: LIST
2014-04-08 17:05:45 2348 2 响应: 150 Here comes the directory listing.
2014-04-08 17:05:45 2348 2 状态: 收到无效字节，将禁用 UTF-8 编码。请在站点管理器中强制选择 UTF-8 编码。
2014-04-08 17:05:45 2348 2 响应: 226 Directory send OK.
2014-04-08 17:05:45 2348 2 命令: PASV
2014-04-08 17:05:45 2348 2 响应: 227 Entering Passive Mode (192,168,1,48,87,244).
2014-04-08 17:05:45 2348 2 命令: STOR index_02.jpg
2014-04-08 17:05:47 2348 3 状态: 已从服务器断开
2014-04-08 17:05:52 2348 1 错误: 连接超时
2014-04-08 17:05:52 2348 1 错误: 文件传输失败
2014-04-08 17:05:52 2348 1 状态: 正在连接 192.168.1.48:21...
2014-04-08 17:05:52 2348 1 状态: 连接建立，等待欢迎消息...
2014-04-08 17:05:52 2348 1 响应: 220 Welcome to 51job FTP service.
2014-04-08 17:05:52 2348 1 命令: USER webmaster
2014-04-08 17:05:52 2348 1 响应: 331 Please specify the password.
2014-04-08 17:05:52 2348 1 命令: PASS ************
2014-04-08 17:05:52 2348 1 响应: 230 Login successful.
2014-04-08 17:05:52 2348 1 命令: OPTS UTF8 ON
2014-04-08 17:05:52 2348 1 响应: 550 Permission denied.
2014-04-08 17:05:52 2348 1 状态: 已连接
2014-04-08 17:05:52 2348 1 状态: 开始上传 U:\companyads\2014\sh\jianxin0408_7097\template\index.htm
2014-04-08 17:05:52 2348 1 命令: CWD /internal/companyads/2014/sh/jianxin0408_7097/template
2014-04-08 17:05:52 2348 1 响应: 250 Directory successfully changed.
2014-04-08 17:05:52 2348 1 状态: 读取目录列表...
2014-04-08 17:05:52 2348 1 命令: TYPE I
2014-04-08 17:05:52 2348 1 响应: 200 Switching to Binary mode.
2014-04-08 17:05:52 2348 1 命令: PASV
2014-04-08 17:05:52 2348 1 响应: 227 Entering Passive Mode (192,168,1,48,144,57).
2014-04-08 17:05:52 2348 1 命令: LIST
2014-04-08 17:05:52 2348 1 响应: 150 Here comes the directory listing.
2014-04-08 17:05:52 2348 1 响应: 226 Directory send OK.
2014-04-08 17:05:52 2348 1 命令: TYPE A
2014-04-08 17:05:52 2348 1 响应: 200 Switching to ASCII mode.
2014-04-08 17:05:52 2348 1 命令: PASV
2014-04-08 17:05:52 2348 1 响应: 227 Entering Passive Mode (192,168,1,48,73,101).
2014-04-08 17:05:52 2348 1 命令: STOR index.htm
2014-04-08 17:06:06 2348 2 错误: 连接超时
2014-04-08 17:06:06 2348 2 错误: 文件传输失败
2014-04-08 17:06:06 2348 2 状态: 正在连接 192.168.1.48:21...
2014-04-08 17:06:06 2348 2 状态: 连接建立，等待欢迎消息...
2014-04-08 17:06:06 2348 2 响应: 220 Welcome to 51job FTP service.
2014-04-08 17:06:06 2348 2 命令: USER webmaster
2014-04-08 17:06:06 2348 2 响应: 331 Please specify the password.
2014-04-08 17:06:06 2348 2 命令: PASS ************
2014-04-08 17:06:06 2348 2 响应: 230 Login successful.
2014-04-08 17:06:06 2348 2 命令: OPTS UTF8 ON
2014-04-08 17:06:06 2348 2 响应: 550 Permission denied.
2014-04-08 17:06:06 2348 2 状态: 已连接
2014-04-08 17:06:06 2348 2 状态: 开始上传 U:\companyads\2014\sh\jianxin0408_7097\template\job.htm
2014-04-08 17:06:06 2348 2 命令: CWD /internal/companyads/2014/sh/jianxin0408_7097/template
2014-04-08 17:06:06 2348 2 响应: 250 Directory successfully changed.
2014-04-08 17:06:06 2348 2 命令: TYPE A
2014-04-08 17:06:06 2348 2 响应: 200 Switching to ASCII mode.
2014-04-08 17:06:06 2348 2 命令: PASV
2014-04-08 17:06:06 2348 2 响应: 227 Entering Passive Mode (192,168,1,48,50,201).
2014-04-08 17:06:06 2348 2 命令: STOR job.htm
2014-04-08 17:06:06 2348 2 响应: 150 Ok to send data.
2014-04-08 17:06:06 2348 2 响应: 226 Transfer complete.
2014-04-08 17:06:06 2348 2 状态: 文件传输成功，传输了 3,516 字节 (用时1 秒)
2014-04-08 17:06:06 2348 2 状态: 开始上传 U:\companyads\2014\sh\jianxin0408_7097\template\styles.css
2014-04-08 17:06:06 2348 2 命令: PASV
2014-04-08 17:06:06 2348 2 响应: 227 Entering Passive Mode (192,168,1,48,150,83).
2014-04-08 17:06:06 2348 2 命令: STOR styles.css
2014-04-08 17:06:06 2348 2 响应: 150 Ok to send data.
2014-04-08 17:06:06 2348 2 响应: 226 Transfer complete.
2014-04-08 17:06:06 2348 2 状态: 文件传输成功，传输了 705 字节 (用时1 秒)
2014-04-08 17:06:06 2348 2 状态: 开始上传 U:\companyads\2014\sh\jianxin0408_7097\template\images\bg_02.jpg
2014-04-08 17:06:06 2348 2 命令: CWD /internal/companyads/2014/sh/jianxin0408_7097/template/images
2014-04-08 17:06:06 2348 2 响应: 250 Directory successfully changed.
2014-04-08 17:06:06 2348 2 命令: PWD
2014-04-08 17:06:06 2348 2 响应: 257 "/internal/companyads/2014/sh/jianxin0408_7097/template/images"
2014-04-08 17:06:06 2348 2 状态: 读取目录列表...
2014-04-08 17:06:06 2348 2 命令: TYPE I
2014-04-08 17:06:06 2348 2 响应: 200 Switching to Binary mode.
2014-04-08 17:06:06 2348 2 命令: PASV
2014-04-08 17:06:06 2348 2 响应: 227 Entering Passive Mode (192,168,1,48,30,45).
2014-04-08 17:06:06 2348 2 命令: LIST
2014-04-08 17:06:10 2348 2 响应: 150 Here comes the directory listing.
2014-04-08 17:06:10 2348 2 状态: 收到无效字节，将禁用 UTF-8 编码。请在站点管理器中强制选择 UTF-8 编码。
2014-04-08 17:06:10 2348 2 响应: 226 Directory send OK.
2014-04-08 17:06:10 2348 2 命令: PASV
2014-04-08 17:06:10 2348 2 响应: 227 Entering Passive Mode (192,168,1,48,171,178).
2014-04-08 17:06:10 2348 2 命令: STOR bg_02.jpg
2014-04-08 17:06:10 2348 2 响应: 150 Ok to send data.
2014-04-08 17:06:13 2348 1 错误: 连接超时
2014-04-08 17:06:13 2348 1 错误: 文件传输失败
2014-04-08 17:06:13 2348 1 状态: 正在连接 192.168.1.48:21...
2014-04-08 17:06:13 2348 1 状态: 连接建立，等待欢迎消息...
2014-04-08 17:06:13 2348 1 响应: 220 Welcome to 51job FTP service.
2014-04-08 17:06:13 2348 1 命令: USER webmaster
2014-04-08 17:06:13 2348 1 响应: 331 Please specify the password.
2014-04-08 17:06:13 2348 1 命令: PASS ************
2014-04-08 17:06:15 2348 1 响应: 230 Login successful.
2014-04-08 17:06:15 2348 1 命令: OPTS UTF8 ON
2014-04-08 17:06:15 2348 1 响应: 550 Permission denied.
2014-04-08 17:06:15 2348 1 状态: 已连接
2014-04-08 17:06:15 2348 1 状态: 开始上传 U:\companyads\2014\sh\jianxin0408_7097\template\images\bg_03.jpg
2014-04-08 17:06:15 2348 1 命令: CWD /internal/companyads/2014/sh/jianxin0408_7097/template/images
2014-04-08 17:06:15 2348 1 响应: 250 Directory successfully changed.
2014-04-08 17:06:15 2348 1 命令: TYPE I
2014-04-08 17:06:15 2348 1 响应: 200 Switching to Binary mode.
2014-04-08 17:06:15 2348 1 命令: PASV
2014-04-08 17:06:15 2348 1 响应: 227 Entering Passive Mode (192,168,1,48,204,240).
2014-04-08 17:06:15 2348 1 命令: STOR bg_03.jpg
2014-04-08 17:06:15 2348 1 响应: 150 Ok to send data.
2014-04-08 17:06:15 2348 1 响应: 226 Transfer complete.
2014-04-08 17:06:15 2348 1 状态: 文件传输成功，传输了 9,505 字节 (用时1 秒)
2014-04-08 17:06:15 2348 1 状态: 开始上传 U:\companyads\2014\sh\jianxin0408_7097\template\images\hand.gif
2014-04-08 17:06:15 2348 1 命令: PASV
2014-04-08 17:06:15 2348 1 响应: 227 Entering Passive Mode (192,168,1,48,236,117).
2014-04-08 17:06:15 2348 1 命令: STOR hand.gif
2014-04-08 17:06:15 2348 1 响应: 150 Ok to send data.
2014-04-08 17:06:15 2348 1 响应: 226 Transfer complete.
2014-04-08 17:06:15 2348 1 状态: 文件传输成功，传输了 121 字节 (用时1 秒)
2014-04-08 17:06:15 2348 1 状态: 开始上传 U:\companyads\2014\sh\jianxin0408_7097\template\images\index_02.jpg
2014-04-08 17:06:15 2348 1 命令: PASV
2014-04-08 17:06:15 2348 1 响应: 227 Entering Passive Mode (192,168,1,48,40,74).
2014-04-08 17:06:15 2348 1 命令: STOR index_02.jpg
2014-04-08 17:06:16 2348 1 响应: 150 Ok to send data.
2014-04-08 17:06:16 2348 1 响应: 226 Transfer complete.
2014-04-08 17:06:16 2348 1 状态: 文件传输成功，传输了 19,320 字节 (用时1 秒)
2014-04-08 17:06:16 2348 1 状态: 开始上传 U:\companyads\2014\sh\jianxin0408_7097\template\images\index_04.jpg
2014-04-08 17:06:16 2348 1 命令: PASV
2014-04-08 17:06:16 2348 1 响应: 227 Entering Passive Mode (192,168,1,48,166,166).
2014-04-08 17:06:16 2348 1 命令: STOR index_04.jpg
2014-04-08 17:06:16 2348 1 响应: 150 Ok to send data.
2014-04-08 17:06:17 2348 1 响应: 226 Transfer complete.
2014-04-08 17:06:17 2348 1 状态: 文件传输成功，传输了 227,237 字节 (用时1 秒)
2014-04-08 17:06:17 2348 1 状态: 开始上传 U:\companyads\2014\sh\jianxin0408_7097\template\images\index_05.jpg
2014-04-08 17:06:17 2348 1 命令: PASV
2014-04-08 17:06:17 2348 1 响应: 227 Entering Passive Mode (192,168,1,48,121,248).
2014-04-08 17:06:17 2348 1 命令: STOR index_05.jpg
2014-04-08 17:06:17 2348 1 响应: 150 Ok to send data.
2014-04-08 17:06:17 2348 1 响应: 226 Transfer complete.
2014-04-08 17:06:17 2348 1 状态: 文件传输成功，传输了 20,104 字节 (用时1 秒)
2014-04-08 17:06:17 2348 1 状态: 开始上传 U:\companyads\2014\sh\jianxin0408_7097\template\images\index_07.jpg
2014-04-08 17:06:17 2348 1 命令: PASV
2014-04-08 17:06:17 2348 1 响应: 227 Entering Passive Mode (192,168,1,48,202,70).
2014-04-08 17:06:17 2348 1 命令: STOR index_07.jpg
2014-04-08 17:06:17 2348 1 响应: 150 Ok to send data.
2014-04-08 17:06:17 2348 1 响应: 226 Transfer complete.
2014-04-08 17:06:17 2348 1 状态: 文件传输成功，传输了 16,363 字节 (用时1 秒)
2014-04-08 17:06:17 2348 1 状态: 开始上传 U:\companyads\2014\sh\jianxin0408_7097\template\images\index_09.jpg
2014-04-08 17:06:17 2348 1 命令: PASV
2014-04-08 17:06:17 2348 1 响应: 227 Entering Passive Mode (192,168,1,48,93,209).
2014-04-08 17:06:17 2348 1 命令: STOR index_09.jpg
2014-04-08 17:06:17 2348 1 响应: 150 Ok to send data.
2014-04-08 17:06:17 2348 1 响应: 226 Transfer complete.
2014-04-08 17:06:17 2348 1 状态: 文件传输成功，传输了 16,810 字节 (用时1 秒)
2014-04-08 17:06:17 2348 1 状态: 开始上传 U:\companyads\2014\sh\jianxin0408_7097\template\images\index_11.jpg
2014-04-08 17:06:17 2348 1 命令: PASV
2014-04-08 17:06:17 2348 1 响应: 227 Entering Passive Mode (192,168,1,48,100,235).
2014-04-08 17:06:17 2348 1 命令: STOR index_11.jpg
2014-04-08 17:06:30 2348 2 错误: 连接超时
2014-04-08 17:06:30 2348 2 错误: 文件传输失败
2014-04-08 17:06:30 2348 2 状态: 正在连接 192.168.1.48:21...
2014-04-08 17:06:30 2348 2 状态: 连接建立，等待欢迎消息...
2014-04-08 17:06:30 2348 2 响应: 220 Welcome to 51job FTP service.
2014-04-08 17:06:30 2348 2 命令: USER webmaster
2014-04-08 17:06:30 2348 2 响应: 331 Please specify the password.
2014-04-08 17:06:30 2348 2 命令: PASS ************
2014-04-08 17:06:30 2348 2 响应: 230 Login successful.
2014-04-08 17:06:30 2348 2 命令: OPTS UTF8 ON
2014-04-08 17:06:30 2348 2 响应: 550 Permission denied.
2014-04-08 17:06:30 2348 2 状态: 已连接
2014-04-08 17:06:30 2348 2 状态: 开始上传 U:\companyads\2014\sh\jianxin0408_7097\template\images\bg_02.jpg
2014-04-08 17:06:30 2348 2 命令: CWD /internal/companyads/2014/sh/jianxin0408_7097/template/images
2014-04-08 17:06:30 2348 2 响应: 250 Directory successfully changed.
2014-04-08 17:06:30 2348 2 状态: 读取目录列表...
2014-04-08 17:06:30 2348 2 命令: TYPE I
2014-04-08 17:06:30 2348 2 响应: 200 Switching to Binary mode.
2014-04-08 17:06:30 2348 2 命令: PASV
2014-04-08 17:06:30 2348 2 响应: 227 Entering Passive Mode (192,168,1,48,176,250).
2014-04-08 17:06:30 2348 2 命令: LIST
2014-04-08 17:06:30 2348 2 响应: 150 Here comes the directory listing.
2014-04-08 17:06:30 2348 2 状态: 收到无效字节，将禁用 UTF-8 编码。请在站点管理器中强制选择 UTF-8 编码。
2014-04-08 17:06:33 2348 2 响应: 226 Directory send OK.
2014-04-08 17:06:33 2348 2 命令: PASV
2014-04-08 17:06:33 2348 2 响应: 227 Entering Passive Mode (192,168,1,48,158,145).
2014-04-08 17:06:33 2348 2 命令: STOR bg_02.jpg
2014-04-08 17:06:38 2348 1 错误: 连接超时
2014-04-08 17:06:38 2348 1 错误: 文件传输失败
2014-04-08 17:06:38 2348 1 状态: 正在连接 192.168.1.48:21...
2014-04-08 17:06:38 2348 1 状态: 连接建立，等待欢迎消息...
2014-04-08 17:06:38 2348 1 响应: 220 Welcome to 51job FTP service.
2014-04-08 17:06:38 2348 1 命令: USER webmaster
2014-04-08 17:06:38 2348 1 响应: 331 Please specify the password.
2014-04-08 17:06:38 2348 1 命令: PASS ************
2014-04-08 17:06:38 2348 1 响应: 230 Login successful.
2014-04-08 17:06:38 2348 1 命令: OPTS UTF8 ON
2014-04-08 17:06:38 2348 1 响应: 550 Permission denied.
2014-04-08 17:06:38 2348 1 状态: 已连接
2014-04-08 17:06:38 2348 1 状态: 开始上传 U:\companyads\2014\sh\jianxin0408_7097\template\images\index_11.jpg
2014-04-08 17:06:38 2348 1 命令: CWD /internal/companyads/2014/sh/jianxin0408_7097/template/images
2014-04-08 17:06:38 2348 1 响应: 250 Directory successfully changed.
2014-04-08 17:06:38 2348 1 状态: 读取目录列表...
2014-04-08 17:06:38 2348 1 命令: TYPE I
2014-04-08 17:06:38 2348 1 响应: 200 Switching to Binary mode.
2014-04-08 17:06:38 2348 1 命令: PASV
2014-04-08 17:06:38 2348 1 响应: 227 Entering Passive Mode (192,168,1,48,32,62).
2014-04-08 17:06:38 2348 1 命令: LIST
2014-04-08 17:06:38 2348 1 响应: 150 Here comes the directory listing.
2014-04-08 17:06:38 2348 1 状态: 收到无效字节，将禁用 UTF-8 编码。请在站点管理器中强制选择 UTF-8 编码。
2014-04-08 17:06:38 2348 1 响应: 226 Directory send OK.
2014-04-08 17:06:38 2348 1 命令: PASV
2014-04-08 17:06:38 2348 1 响应: 227 Entering Passive Mode (192,168,1,48,113,106).
2014-04-08 17:06:38 2348 1 命令: STOR index_11.jpg
2014-04-08 17:06:53 2348 2 错误: 连接超时
2014-04-08 17:06:53 2348 2 错误: 文件传输失败
2014-04-08 17:06:53 2348 2 状态: 正在连接 192.168.1.48:21...
2014-04-08 17:06:53 2348 2 状态: 连接建立，等待欢迎消息...
2014-04-08 17:06:53 2348 2 响应: 220 Welcome to 51job FTP service.
2014-04-08 17:06:53 2348 2 命令: USER webmaster
2014-04-08 17:06:53 2348 2 响应: 331 Please specify the password.
2014-04-08 17:06:53 2348 2 命令: PASS ************
2014-04-08 17:06:54 2348 2 响应: 230 Login successful.
2014-04-08 17:06:54 2348 2 命令: OPTS UTF8 ON
2014-04-08 17:06:54 2348 2 响应: 550 Permission denied.
2014-04-08 17:06:54 2348 2 状态: 已连接
2014-04-08 17:06:54 2348 2 状态: 开始上传 U:\companyads\2014\sh\jianxin0408_7097\template\images\bg_02.jpg
2014-04-08 17:06:54 2348 2 命令: CWD /internal/companyads/2014/sh/jianxin0408_7097/template/images
2014-04-08 17:06:54 2348 2 响应: 250 Directory successfully changed.
2014-04-08 17:06:54 2348 2 状态: 读取目录列表...
2014-04-08 17:06:54 2348 2 命令: TYPE I
2014-04-08 17:06:54 2348 2 响应: 200 Switching to Binary mode.
2014-04-08 17:06:54 2348 2 命令: PASV
2014-04-08 17:06:54 2348 2 响应: 227 Entering Passive Mode (192,168,1,48,242,239).
2014-04-08 17:06:54 2348 2 命令: LIST
2014-04-08 17:06:54 2348 2 响应: 150 Here comes the directory listing.
2014-04-08 17:06:54 2348 2 状态: 收到无效字节，将禁用 UTF-8 编码。请在站点管理器中强制选择 UTF-8 编码。
2014-04-08 17:06:54 2348 2 响应: 226 Directory send OK.
2014-04-08 17:06:54 2348 2 命令: PASV
2014-04-08 17:06:54 2348 2 响应: 227 Entering Passive Mode (192,168,1,48,72,227).
2014-04-08 17:06:54 2348 2 命令: STOR bg_02.jpg
2014-04-08 17:06:59 2348 1 错误: 连接超时
2014-04-08 17:06:59 2348 1 错误: 文件传输失败
2014-04-08 17:06:59 2348 1 状态: 正在连接 192.168.1.48:21...
2014-04-08 17:06:59 2348 1 状态: 连接建立，等待欢迎消息...
2014-04-08 17:06:59 2348 1 响应: 220 Welcome to 51job FTP service.
2014-04-08 17:06:59 2348 1 命令: USER webmaster
2014-04-08 17:06:59 2348 1 响应: 331 Please specify the password.
2014-04-08 17:06:59 2348 1 命令: PASS ************
2014-04-08 17:06:59 2348 1 响应: 230 Login successful.
2014-04-08 17:06:59 2348 1 命令: OPTS UTF8 ON
2014-04-08 17:06:59 2348 1 响应: 550 Permission denied.
2014-04-08 17:06:59 2348 1 状态: 已连接
2014-04-08 17:06:59 2348 1 状态: 开始上传 U:\companyads\2014\sh\jianxin0408_7097\template\images\index_11.jpg
2014-04-08 17:06:59 2348 1 命令: CWD /internal/companyads/2014/sh/jianxin0408_7097/template/images
2014-04-08 17:06:59 2348 1 响应: 250 Directory successfully changed.
2014-04-08 17:06:59 2348 1 状态: 读取目录列表...
2014-04-08 17:06:59 2348 1 命令: TYPE I
2014-04-08 17:06:59 2348 1 响应: 200 Switching to Binary mode.
2014-04-08 17:06:59 2348 1 命令: PASV
2014-04-08 17:06:59 2348 1 响应: 227 Entering Passive Mode (192,168,1,48,111,96).
2014-04-08 17:06:59 2348 1 命令: LIST
2014-04-08 17:06:59 2348 1 响应: 150 Here comes the directory listing.
2014-04-08 17:06:59 2348 1 状态: 收到无效字节，将禁用 UTF-8 编码。请在站点管理器中强制选择 UTF-8 编码。
2014-04-08 17:06:59 2348 1 响应: 226 Directory send OK.
2014-04-08 17:06:59 2348 1 命令: PASV
2014-04-08 17:06:59 2348 1 响应: 227 Entering Passive Mode (192,168,1,48,29,74).
2014-04-08 17:06:59 2348 1 命令: STOR index_11.jpg
2014-04-08 17:07:15 2348 2 错误: 连接超时
2014-04-08 17:07:15 2348 2 错误: 文件传输失败
2014-04-08 17:07:15 2348 2 状态: 正在连接 192.168.1.48:21...
2014-04-08 17:07:15 2348 2 状态: 连接建立，等待欢迎消息...
2014-04-08 17:07:15 2348 2 响应: 220 Welcome to 51job FTP service.
2014-04-08 17:07:15 2348 2 命令: USER webmaster
2014-04-08 17:07:15 2348 2 响应: 331 Please specify the password.
2014-04-08 17:07:15 2348 2 命令: PASS ************
2014-04-08 17:07:15 2348 2 响应: 230 Login successful.
2014-04-08 17:07:15 2348 2 命令: OPTS UTF8 ON
2014-04-08 17:07:15 2348 2 响应: 550 Permission denied.
2014-04-08 17:07:15 2348 2 状态: 已连接
2014-04-08 17:07:15 2348 2 状态: 开始上传 U:\companyads\2014\sh\jianxin0408_7097\template\images\top.jpg
2014-04-08 17:07:15 2348 2 命令: CWD /internal/companyads/2014/sh/jianxin0408_7097/template/images
2014-04-08 17:07:15 2348 2 响应: 250 Directory successfully changed.
2014-04-08 17:07:15 2348 2 命令: TYPE I
2014-04-08 17:07:15 2348 2 响应: 200 Switching to Binary mode.
2014-04-08 17:07:15 2348 2 命令: PASV
2014-04-08 17:07:15 2348 2 响应: 227 Entering Passive Mode (192,168,1,48,27,56).
2014-04-08 17:07:15 2348 2 命令: STOR top.jpg
2014-04-08 17:07:15 2348 2 响应: 150 Ok to send data.
2014-04-08 17:07:16 2348 2 响应: 226 Transfer complete.
2014-04-08 17:07:16 2348 2 状态: 文件传输成功，传输了 257,771 字节 (用时1 秒)
2014-04-08 17:07:16 2348 2 状态: 开始上传 U:\companyads\2014\sh\jianxin0408_7097\template\images\top33.jpg
2014-04-08 17:07:16 2348 2 命令: PASV
2014-04-08 17:07:16 2348 2 响应: 227 Entering Passive Mode (192,168,1,48,84,54).
2014-04-08 17:07:16 2348 2 命令: STOR top33.jpg
2014-04-08 17:07:16 2348 2 响应: 150 Ok to send data.
2014-04-08 17:07:16 2348 2 响应: 226 Transfer complete.
2014-04-08 17:07:16 2348 2 状态: 文件传输成功，传输了 275,431 字节 (用时1 秒)
2014-04-08 17:07:16 2348 2 状态: 开始上传 U:\companyads\2014\sh\jianxin0408_7097\template\images\top33a.jpg
2014-04-08 17:07:16 2348 2 命令: PASV
2014-04-08 17:07:16 2348 2 响应: 227 Entering Passive Mode (192,168,1,48,242,7).
2014-04-08 17:07:16 2348 2 命令: STOR top33a.jpg
2014-04-08 17:07:16 2348 2 响应: 150 Ok to send data.
2014-04-08 17:07:16 2348 2 响应: 226 Transfer complete.
2014-04-08 17:07:16 2348 2 状态: 文件传输成功，传输了 284,811 字节 (用时1 秒)
2014-04-08 17:07:16 2348 2 状态: 开始上传 U:\companyads\2014\sh\jianxin0408_7097\template\images\topa.jpg
2014-04-08 17:07:16 2348 2 命令: PASV
2014-04-08 17:07:17 2348 2 响应: 227 Entering Passive Mode (192,168,1,48,248,104).
2014-04-08 17:07:17 2348 2 命令: STOR topa.jpg
2014-04-08 17:07:17 2348 2 响应: 150 Ok to send data.
2014-04-08 17:07:18 2348 2 响应: 226 Transfer complete.
2014-04-08 17:07:18 2348 2 状态: 文件传输成功，传输了 249,066 字节 (用时1 秒)
2014-04-08 17:07:18 2348 2 状态: 开始上传 U:\companyads\2014\sh\jianxin0408_7097\template\images\topb.jpg
2014-04-08 17:07:18 2348 2 命令: PASV
2014-04-08 17:07:18 2348 2 响应: 227 Entering Passive Mode (192,168,1,48,244,10).
2014-04-08 17:07:18 2348 2 命令: STOR topb.jpg
2014-04-08 17:07:18 2348 2 响应: 150 Ok to send data.
2014-04-08 17:07:19 2348 2 响应: 226 Transfer complete.
2014-04-08 17:07:19 2348 2 状态: 文件传输成功，传输了 121,146 字节 (用时1 秒)
2014-04-08 17:07:19 2348 2 状态: 开始上传 U:\companyads\2014\sh\jianxin0408_7097\template\images\复件 top.jpg
2014-04-08 17:07:19 2348 2 命令: PASV
2014-04-08 17:07:19 2348 2 响应: 227 Entering Passive Mode (192,168,1,48,195,97).
2014-04-08 17:07:19 2348 2 命令: STOR 复件 top.jpg
2014-04-08 17:07:19 2348 2 响应: 150 Ok to send data.
2014-04-08 17:07:20 2348 2 响应: 226 Transfer complete.
2014-04-08 17:07:20 2348 2 状态: 文件传输成功，传输了 257,771 字节 (用时1 秒)
2014-04-08 17:07:20 2348 1 错误: 连接超时
2014-04-08 17:07:20 2348 1 错误: 文件传输失败
2014-04-08 17:07:59 2348 3 状态: 正在连接 192.168.1.48:21...
2014-04-08 17:07:59 2348 3 状态: 连接建立，等待欢迎消息...
2014-04-08 17:07:59 2348 3 响应: 220 Welcome to 51job FTP service.
2014-04-08 17:07:59 2348 3 命令: USER webmaster
2014-04-08 17:07:59 2348 3 响应: 331 Please specify the password.
2014-04-08 17:07:59 2348 3 命令: PASS ************
2014-04-08 17:07:59 2348 3 响应: 230 Login successful.
2014-04-08 17:07:59 2348 3 命令: OPTS UTF8 ON
2014-04-08 17:07:59 2348 3 响应: 550 Permission denied.
2014-04-08 17:07:59 2348 3 状态: 已连接
2014-04-08 17:08:15 2348 3 状态: 正在创建目录“/internal/companyads/2014/cc/yicheng0408_8106”...
2014-04-08 17:08:15 2348 3 命令: CWD /internal/companyads/2014/cc
2014-04-08 17:08:15 2348 3 响应: 250 Directory successfully changed.
2014-04-08 17:08:15 2348 3 命令: MKD yicheng0408_8106
2014-04-08 17:08:15 2348 3 响应: 257 "/internal/companyads/2014/cc/yicheng0408_8106" created
2014-04-08 17:08:20 2348 2 状态: 已从服务器断开
2014-04-08 17:08:21 2348 3 状态: 读取目录列表...
2014-04-08 17:08:21 2348 3 命令: CWD /internal/companyads/2014/cc/yicheng0408_8106
2014-04-08 17:08:21 2348 3 响应: 250 Directory successfully changed.
2014-04-08 17:08:21 2348 3 命令: PWD
2014-04-08 17:08:21 2348 3 响应: 257 "/internal/companyads/2014/cc/yicheng0408_8106"
2014-04-08 17:08:21 2348 3 命令: TYPE I
2014-04-08 17:08:21 2348 3 响应: 200 Switching to Binary mode.
2014-04-08 17:08:21 2348 3 命令: PASV
2014-04-08 17:08:21 2348 3 响应: 227 Entering Passive Mode (192,168,1,48,156,209).
2014-04-08 17:08:21 2348 3 命令: LIST
2014-04-08 17:08:21 2348 3 响应: 150 Here comes the directory listing.
2014-04-08 17:08:21 2348 3 响应: 226 Directory send OK.
2014-04-08 17:08:21 2348 3 状态: 列出目录成功
2014-04-08 17:08:28 2348 1 状态: 正在连接 192.168.1.48:21...
2014-04-08 17:08:28 2348 2 状态: 正在连接 192.168.1.48:21...
2014-04-08 17:08:28 2348 1 状态: 连接建立，等待欢迎消息...
2014-04-08 17:08:28 2348 2 状态: 连接建立，等待欢迎消息...
2014-04-08 17:08:28 2348 1 响应: 220 Welcome to 51job FTP service.
2014-04-08 17:08:28 2348 1 命令: USER webmaster
2014-04-08 17:08:28 2348 2 响应: 220 Welcome to 51job FTP service.
2014-04-08 17:08:28 2348 2 命令: USER webmaster
2014-04-08 17:08:28 2348 1 响应: 331 Please specify the password.
2014-04-08 17:08:28 2348 1 命令: PASS ************
2014-04-08 17:08:28 2348 2 响应: 331 Please specify the password.
2014-04-08 17:08:28 2348 2 命令: PASS ************
2014-04-08 17:08:28 2348 2 响应: 230 Login successful.
2014-04-08 17:08:28 2348 2 命令: OPTS UTF8 ON
2014-04-08 17:08:28 2348 1 响应: 230 Login successful.
2014-04-08 17:08:28 2348 1 命令: OPTS UTF8 ON
2014-04-08 17:08:28 2348 2 响应: 550 Permission denied.
2014-04-08 17:08:28 2348 2 状态: 已连接
2014-04-08 17:08:28 2348 2 状态: 开始上传 U:\companyads\2014\cc\yicheng0408_8106\index.htm
2014-04-08 17:08:28 2348 2 命令: CWD /internal/companyads/2014/cc/yicheng0408_8106
2014-04-08 17:08:28 2348 1 响应: 550 Permission denied.
2014-04-08 17:08:28 2348 1 状态: 已连接
2014-04-08 17:08:28 2348 1 状态: 开始上传 U:\companyads\2014\cc\yicheng0408_8106\button.ini
2014-04-08 17:08:28 2348 2 响应: 250 Directory successfully changed.
2014-04-08 17:08:28 2348 2 命令: TYPE A
2014-04-08 17:08:28 2348 1 命令: CWD /internal/companyads/2014/cc/yicheng0408_8106
2014-04-08 17:08:28 2348 2 响应: 200 Switching to ASCII mode.
2014-04-08 17:08:28 2348 2 命令: PASV
2014-04-08 17:08:28 2348 2 响应: 227 Entering Passive Mode (192,168,1,48,116,185).
2014-04-08 17:08:28 2348 2 命令: STOR index.htm
2014-04-08 17:08:28 2348 1 响应: 250 Directory successfully changed.
2014-04-08 17:08:28 2348 1 命令: TYPE I
2014-04-08 17:08:28 2348 1 响应: 200 Switching to Binary mode.
2014-04-08 17:08:28 2348 1 命令: PASV
2014-04-08 17:08:28 2348 2 响应: 150 Ok to send data.
2014-04-08 17:08:28 2348 1 响应: 227 Entering Passive Mode (192,168,1,48,182,77).
2014-04-08 17:08:28 2348 1 命令: STOR button.ini
2014-04-08 17:08:28 2348 2 响应: 226 Transfer complete.
2014-04-08 17:08:28 2348 2 状态: 文件传输成功，传输了 3,611 字节 (用时1 秒)
2014-04-08 17:08:28 2348 2 状态: 开始上传 U:\companyads\2014\cc\yicheng0408_8106\styles.css
2014-04-08 17:08:28 2348 2 命令: PASV
2014-04-08 17:08:28 2348 1 响应: 150 Ok to send data.
2014-04-08 17:08:28 2348 2 响应: 227 Entering Passive Mode (192,168,1,48,190,70).
2014-04-08 17:08:28 2348 2 命令: STOR styles.css
2014-04-08 17:08:28 2348 1 响应: 226 Transfer complete.
2014-04-08 17:08:28 2348 1 状态: 文件传输成功，传输了 11 字节 (用时1 秒)
2014-04-08 17:08:28 2348 1 状态: 开始上传 U:\companyads\2014\cc\yicheng0408_8106\images\hand.gif
2014-04-08 17:08:28 2348 1 命令: CWD /internal/companyads/2014/cc/yicheng0408_8106/images
2014-04-08 17:08:28 2348 2 响应: 150 Ok to send data.
2014-04-08 17:08:28 2348 1 响应: 550 Failed to change directory.
2014-04-08 17:08:28 2348 1 命令: CWD /internal/companyads/2014/cc/yicheng0408_8106
2014-04-08 17:08:28 2348 2 响应: 226 Transfer complete.
2014-04-08 17:08:28 2348 2 状态: 文件传输成功，传输了 1,581 字节 (用时1 秒)
2014-04-08 17:08:28 2348 2 状态: 开始上传 U:\companyads\2014\cc\yicheng0408_8106\images\index_01.jpg
2014-04-08 17:08:28 2348 1 响应: 250 Directory successfully changed.
2014-04-08 17:08:28 2348 1 命令: MKD images
2014-04-08 17:08:28 2348 1 响应: 257 "/internal/companyads/2014/cc/yicheng0408_8106/images" created
2014-04-08 17:08:28 2348 1 命令: CWD /internal/companyads/2014/cc/yicheng0408_8106/images
2014-04-08 17:08:28 2348 1 响应: 250 Directory successfully changed.
2014-04-08 17:08:28 2348 1 命令: PWD
2014-04-08 17:08:28 2348 1 响应: 257 "/internal/companyads/2014/cc/yicheng0408_8106/images"
2014-04-08 17:08:28 2348 1 状态: 读取目录列表...
2014-04-08 17:08:28 2348 1 命令: PASV
2014-04-08 17:08:28 2348 2 命令: CWD /internal/companyads/2014/cc/yicheng0408_8106/images
2014-04-08 17:08:28 2348 1 响应: 227 Entering Passive Mode (192,168,1,48,143,113).
2014-04-08 17:08:28 2348 1 命令: LIST
2014-04-08 17:08:28 2348 2 响应: 250 Directory successfully changed.
2014-04-08 17:08:28 2348 2 命令: PWD
2014-04-08 17:08:28 2348 1 响应: 150 Here comes the directory listing.
2014-04-08 17:08:28 2348 1 响应: 226 Directory send OK.
2014-04-08 17:08:28 2348 1 命令: PASV
2014-04-08 17:08:28 2348 2 响应: 257 "/internal/companyads/2014/cc/yicheng0408_8106/images"
2014-04-08 17:08:28 2348 2 命令: TYPE I
2014-04-08 17:08:28 2348 1 响应: 227 Entering Passive Mode (192,168,1,48,35,192).
2014-04-08 17:08:28 2348 1 命令: STOR hand.gif
2014-04-08 17:08:28 2348 2 响应: 200 Switching to Binary mode.
2014-04-08 17:08:28 2348 2 命令: PASV
2014-04-08 17:08:28 2348 2 响应: 227 Entering Passive Mode (192,168,1,48,64,47).
2014-04-08 17:08:28 2348 2 命令: STOR index_01.jpg
2014-04-08 17:08:28 2348 1 响应: 150 Ok to send data.
2014-04-08 17:08:28 2348 1 响应: 226 Transfer complete.
2014-04-08 17:08:28 2348 1 状态: 文件传输成功，传输了 113 字节 (用时1 秒)
2014-04-08 17:08:28 2348 2 响应: 150 Ok to send data.
2014-04-08 17:08:28 2348 1 状态: 开始上传 U:\companyads\2014\cc\yicheng0408_8106\images\index_02.jpg
2014-04-08 17:08:28 2348 1 命令: PASV
2014-04-08 17:08:28 2348 1 响应: 227 Entering Passive Mode (192,168,1,48,25,101).
2014-04-08 17:08:28 2348 1 命令: STOR index_02.jpg
2014-04-08 17:08:28 2348 2 响应: 226 Transfer complete.
2014-04-08 17:08:28 2348 2 状态: 文件传输成功，传输了 23,458 字节 (用时1 秒)
2014-04-08 17:08:28 2348 1 响应: 150 Ok to send data.
2014-04-08 17:08:28 2348 2 状态: 开始上传 U:\companyads\2014\cc\yicheng0408_8106\images\index_03.jpg
2014-04-08 17:08:28 2348 2 命令: PASV
2014-04-08 17:08:28 2348 2 响应: 227 Entering Passive Mode (192,168,1,48,135,36).
2014-04-08 17:08:28 2348 2 命令: STOR index_03.jpg
2014-04-08 17:08:29 2348 1 响应: 226 Transfer complete.
2014-04-08 17:08:29 2348 1 状态: 文件传输成功，传输了 190,081 字节 (用时1 秒)
2014-04-08 17:08:29 2348 1 状态: 开始上传 U:\companyads\2014\cc\yicheng0408_8106\images\index_06.jpg
2014-04-08 17:08:29 2348 1 命令: PASV
2014-04-08 17:08:29 2348 1 响应: 227 Entering Passive Mode (192,168,1,48,102,206).
2014-04-08 17:08:29 2348 1 命令: STOR index_06.jpg
2014-04-08 17:08:29 2348 1 响应: 150 Ok to send data.
2014-04-08 17:08:29 2348 1 响应: 226 Transfer complete.
2014-04-08 17:08:29 2348 1 状态: 文件传输成功，传输了 9,762 字节 (用时1 秒)
2014-04-08 17:08:29 2348 1 状态: 开始上传 U:\companyads\2014\cc\yicheng0408_8106\images\Thumbs.db
2014-04-08 17:08:29 2348 1 命令: PASV
2014-04-08 17:08:29 2348 1 响应: 227 Entering Passive Mode (192,168,1,48,93,21).
2014-04-08 17:08:29 2348 1 命令: STOR Thumbs.db
2014-04-08 17:08:29 2348 1 响应: 550 Permission denied.
2014-04-08 17:08:29 2348 1 错误: 严重文件传输错误
2014-04-08 17:08:29 2348 1 状态: 开始上传 U:\companyads\2014\cc\yicheng0408_8106\template\index.htm
2014-04-08 17:08:29 2348 1 命令: CWD /internal/companyads/2014/cc/yicheng0408_8106/template
2014-04-08 17:08:29 2348 1 响应: 550 Failed to change directory.
2014-04-08 17:08:29 2348 1 命令: CWD /internal/companyads/2014/cc/yicheng0408_8106
2014-04-08 17:08:29 2348 1 响应: 250 Directory successfully changed.
2014-04-08 17:08:29 2348 1 命令: MKD template
2014-04-08 17:08:29 2348 1 响应: 257 "/internal/companyads/2014/cc/yicheng0408_8106/template" created
2014-04-08 17:08:29 2348 1 命令: CWD /internal/companyads/2014/cc/yicheng0408_8106/template
2014-04-08 17:08:29 2348 1 响应: 250 Directory successfully changed.
2014-04-08 17:08:29 2348 1 命令: PWD
2014-04-08 17:08:29 2348 1 响应: 257 "/internal/companyads/2014/cc/yicheng0408_8106/template"
2014-04-08 17:08:29 2348 1 状态: 读取目录列表...
2014-04-08 17:08:29 2348 1 命令: PASV
2014-04-08 17:08:29 2348 1 响应: 227 Entering Passive Mode (192,168,1,48,218,76).
2014-04-08 17:08:29 2348 1 命令: LIST
2014-04-08 17:08:29 2348 1 响应: 150 Here comes the directory listing.
2014-04-08 17:08:29 2348 1 响应: 226 Directory send OK.
2014-04-08 17:08:29 2348 1 命令: TYPE A
2014-04-08 17:08:29 2348 1 响应: 200 Switching to ASCII mode.
2014-04-08 17:08:29 2348 1 命令: PASV
2014-04-08 17:08:30 2348 1 响应: 227 Entering Passive Mode (192,168,1,48,59,44).
2014-04-08 17:08:30 2348 1 命令: STOR index.htm
2014-04-08 17:08:30 2348 1 响应: 150 Ok to send data.
2014-04-08 17:08:30 2348 1 响应: 226 Transfer complete.
2014-04-08 17:08:30 2348 1 状态: 文件传输成功，传输了 3,611 字节 (用时1 秒)
2014-04-08 17:08:30 2348 1 状态: 开始上传 U:\companyads\2014\cc\yicheng0408_8106\template\styles.css
2014-04-08 17:08:30 2348 1 命令: PASV
2014-04-08 17:08:30 2348 1 响应: 227 Entering Passive Mode (192,168,1,48,122,68).
2014-04-08 17:08:30 2348 1 命令: STOR styles.css
2014-04-08 17:08:30 2348 1 响应: 150 Ok to send data.
2014-04-08 17:08:30 2348 1 响应: 226 Transfer complete.
2014-04-08 17:08:30 2348 1 状态: 文件传输成功，传输了 1,581 字节 (用时1 秒)
2014-04-08 17:08:30 2348 1 状态: 开始上传 U:\companyads\2014\cc\yicheng0408_8106\template\images\hand.gif
2014-04-08 17:08:30 2348 1 命令: CWD /internal/companyads/2014/cc/yicheng0408_8106/template/images
2014-04-08 17:08:30 2348 1 响应: 550 Failed to change directory.
2014-04-08 17:08:30 2348 1 命令: CWD /internal/companyads/2014/cc/yicheng0408_8106/template
2014-04-08 17:08:30 2348 1 响应: 250 Directory successfully changed.
2014-04-08 17:08:30 2348 1 命令: MKD images
2014-04-08 17:08:30 2348 1 响应: 257 "/internal/companyads/2014/cc/yicheng0408_8106/template/images" created
2014-04-08 17:08:30 2348 1 命令: CWD /internal/companyads/2014/cc/yicheng0408_8106/template/images
2014-04-08 17:08:30 2348 1 响应: 250 Directory successfully changed.
2014-04-08 17:08:30 2348 1 命令: PWD
2014-04-08 17:08:30 2348 1 响应: 257 "/internal/companyads/2014/cc/yicheng0408_8106/template/images"
2014-04-08 17:08:30 2348 1 状态: 读取目录列表...
2014-04-08 17:08:30 2348 1 命令: TYPE I
2014-04-08 17:08:30 2348 1 响应: 200 Switching to Binary mode.
2014-04-08 17:08:30 2348 1 命令: PASV
2014-04-08 17:08:30 2348 1 响应: 227 Entering Passive Mode (192,168,1,48,64,96).
2014-04-08 17:08:30 2348 1 命令: LIST
2014-04-08 17:08:30 2348 1 响应: 150 Here comes the directory listing.
2014-04-08 17:08:30 2348 1 响应: 226 Directory send OK.
2014-04-08 17:08:30 2348 1 命令: PASV
2014-04-08 17:08:30 2348 1 响应: 227 Entering Passive Mode (192,168,1,48,172,247).
2014-04-08 17:08:30 2348 1 命令: STOR hand.gif
2014-04-08 17:08:30 2348 1 响应: 150 Ok to send data.
2014-04-08 17:08:30 2348 1 响应: 226 Transfer complete.
2014-04-08 17:08:30 2348 1 状态: 文件传输成功，传输了 113 字节 (用时1 秒)
2014-04-08 17:08:30 2348 1 状态: 开始上传 U:\companyads\2014\cc\yicheng0408_8106\template\images\index_01.jpg
2014-04-08 17:08:30 2348 1 命令: PASV
2014-04-08 17:08:30 2348 1 响应: 227 Entering Passive Mode (192,168,1,48,79,108).
2014-04-08 17:08:30 2348 1 命令: STOR index_01.jpg
2014-04-08 17:08:30 2348 1 响应: 150 Ok to send data.
2014-04-08 17:08:30 2348 1 响应: 226 Transfer complete.
2014-04-08 17:08:30 2348 1 状态: 文件传输成功，传输了 23,458 字节 (用时1 秒)
2014-04-08 17:08:30 2348 1 状态: 开始上传 U:\companyads\2014\cc\yicheng0408_8106\template\images\index_02.jpg
2014-04-08 17:08:30 2348 1 命令: PASV
2014-04-08 17:08:30 2348 1 响应: 227 Entering Passive Mode (192,168,1,48,115,110).
2014-04-08 17:08:30 2348 1 命令: STOR index_02.jpg
2014-04-08 17:08:30 2348 1 响应: 150 Ok to send data.
2014-04-08 17:08:30 2348 1 响应: 226 Transfer complete.
2014-04-08 17:08:30 2348 1 状态: 文件传输成功，传输了 190,081 字节 (用时1 秒)
2014-04-08 17:08:30 2348 1 状态: 开始上传 U:\companyads\2014\cc\yicheng0408_8106\template\images\index_03.jpg
2014-04-08 17:08:30 2348 1 命令: PASV
2014-04-08 17:08:30 2348 1 响应: 227 Entering Passive Mode (192,168,1,48,21,73).
2014-04-08 17:08:30 2348 1 命令: STOR index_03.jpg
2014-04-08 17:08:30 2348 1 响应: 150 Ok to send data.
2014-04-08 17:08:30 2348 1 响应: 226 Transfer complete.
2014-04-08 17:08:30 2348 1 状态: 文件传输成功，传输了 11,163 字节 (用时1 秒)
2014-04-08 17:08:30 2348 1 状态: 开始上传 U:\companyads\2014\cc\yicheng0408_8106\template\images\index_06.jpg
2014-04-08 17:08:30 2348 1 命令: PASV
2014-04-08 17:08:30 2348 1 响应: 227 Entering Passive Mode (192,168,1,48,166,171).
2014-04-08 17:08:30 2348 1 命令: STOR index_06.jpg
2014-04-08 17:08:30 2348 1 响应: 150 Ok to send data.
2014-04-08 17:08:30 2348 1 响应: 226 Transfer complete.
2014-04-08 17:08:30 2348 1 状态: 文件传输成功，传输了 9,762 字节 (用时1 秒)
2014-04-08 17:08:30 2348 1 状态: 开始上传 U:\companyads\2014\cc\yicheng0408_8106\template\images\Thumbs.db
2014-04-08 17:08:30 2348 1 命令: PASV
2014-04-08 17:08:30 2348 1 响应: 227 Entering Passive Mode (192,168,1,48,113,211).
2014-04-08 17:08:30 2348 1 命令: STOR Thumbs.db
2014-04-08 17:08:30 2348 1 响应: 550 Permission denied.
2014-04-08 17:08:30 2348 1 错误: 严重文件传输错误
2014-04-08 17:08:31 2348 2 响应: 150 Ok to send data.
2014-04-08 17:08:31 2348 2 响应: 226 Transfer complete.
2014-04-08 17:08:31 2348 2 状态: 文件传输成功，传输了 11,163 字节 (用时3 秒)
2014-04-08 17:08:31 2348 1 状态: 读取目录列表...
2014-04-08 17:08:31 2348 1 命令: CWD /internal/companyads/2014/cc/yicheng0408_8106
2014-04-08 17:08:31 2348 1 响应: 250 Directory successfully changed.
2014-04-08 17:08:31 2348 1 命令: PASV
2014-04-08 17:08:31 2348 1 响应: 227 Entering Passive Mode (192,168,1,48,133,197).
2014-04-08 17:08:31 2348 1 命令: LIST
2014-04-08 17:08:31 2348 1 响应: 150 Here comes the directory listing.
2014-04-08 17:08:31 2348 1 响应: 226 Directory send OK.
2014-04-08 17:08:31 2348 1 状态: 列出目录成功
2014-04-08 17:09:30 2348 1 状态: 已从服务器断开
2014-04-08 17:09:31 2348 2 状态: 已从服务器断开
2014-04-08 17:28:21 2348 3 响应: 421 Timeout.
2014-04-08 17:28:21 2348 3 错误: 连接被服务器关闭
